2024-11-18 22:47:05.754 - Entering GetInstallPath method
2024-11-18 22:47:05.774 - Executable path: G:\code\WebLaunch\handlerlaunch\bin\Debug\net9.0-windows10.0.17763.0\win-x64\WMconsole.dll
2024-11-18 22:47:05.774 - Current directory: G:\code\WebLaunch\handlerlaunch\bin\Debug\net9.0-windows10.0.17763.0\win-x64
2024-11-18 22:47:05.774 - Parent directory: G:\code\WebLaunch\handlerlaunch\bin\Debug\net9.0-windows10.0.17763.0
2024-11-18 22:47:05.775 - Using parent directory for install: G:\code\WebLaunch\handlerlaunch\bin\Debug\net9.0-windows10.0.17763.0\HandleGame
2024-11-18 22:47:05.790 - Application started
2024-11-18 22:47:05.794 - Showing notification: Application Started - Initializing launcher...
2024-11-18 22:47:05.924 - Entering CopyFiles method
2024-11-18 22:47:05.925 - Entering GetInstallPath method
2024-11-18 22:47:05.925 - Base directory: G:\code\WebLaunch\handlerlaunch\bin\Debug\net9.0-windows10.0.17763.0\win-x64
2024-11-18 22:47:05.926 - Copied file: G:\code\WebLaunch\handlerlaunch\bin\Debug\net9.0-windows10.0.17763.0\win-x64\WMconsole.dll to G:\code\WebLaunch\handlerlaunch\bin\Debug\net9.0-windows10.0.17763.0\HandleGame\WMconsole.dll
2024-11-18 22:47:05.927 - Copied file: G:\code\WebLaunch\handlerlaunch\bin\Debug\net9.0-windows10.0.17763.0\win-x64\WMConsole.exe to G:\code\WebLaunch\handlerlaunch\bin\Debug\net9.0-windows10.0.17763.0\HandleGame\WMConsole.exe
2024-11-18 22:47:05.927 - Copied file: G:\code\WebLaunch\handlerlaunch\bin\Debug\net9.0-windows10.0.17763.0\win-x64\WMConsole.runtimeconfig.json to G:\code\WebLaunch\handlerlaunch\bin\Debug\net9.0-windows10.0.17763.0\HandleGame\WMConsole.runtimeconfig.json
2024-11-18 22:47:05.927 - Copied file: G:\code\WebLaunch\handlerlaunch\bin\Debug\net9.0-windows10.0.17763.0\win-x64\WMconsole.dll to G:\code\WebLaunch\handlerlaunch\bin\Debug\net9.0-windows10.0.17763.0\HandleGame\WMconsole.dll
2024-11-18 22:47:05.928 - Source file not found: G:\code\WebLaunch\handlerlaunch\bin\Debug\net9.0-windows10.0.17763.0\win-x64\WMconsole.pdb
2024-11-18 22:47:05.928 - Copied file: G:\code\WebLaunch\handlerlaunch\bin\Debug\net9.0-windows10.0.17763.0\win-x64\WMconsole.deps.json to G:\code\WebLaunch\handlerlaunch\bin\Debug\net9.0-windows10.0.17763.0\HandleGame\WMconsole.deps.json
2024-11-18 22:47:05.929 - Copied file: G:\code\WebLaunch\handlerlaunch\bin\Debug\net9.0-windows10.0.17763.0\win-x64\CoreLibLaunchSupport.dll to G:\code\WebLaunch\handlerlaunch\bin\Debug\net9.0-windows10.0.17763.0\HandleGame\CoreLibLaunchSupport.dll
2024-11-18 22:47:05.929 - Copied file: G:\code\WebLaunch\handlerlaunch\bin\Debug\net9.0-windows10.0.17763.0\win-x64\CoreLibLaunchSupport.pdb to G:\code\WebLaunch\handlerlaunch\bin\Debug\net9.0-windows10.0.17763.0\HandleGame\CoreLibLaunchSupport.pdb
2024-11-18 22:47:05.931 - Copied file: G:\code\WebLaunch\handlerlaunch\bin\Debug\net9.0-windows10.0.17763.0\win-x64\SpinningWheelLib.dll to G:\code\WebLaunch\handlerlaunch\bin\Debug\net9.0-windows10.0.17763.0\HandleGame\SpinningWheelLib.dll
2024-11-18 22:47:05.931 - Copied file: G:\code\WebLaunch\handlerlaunch\bin\Debug\net9.0-windows10.0.17763.0\win-x64\SpinningWheelLib.pdb to G:\code\WebLaunch\handlerlaunch\bin\Debug\net9.0-windows10.0.17763.0\HandleGame\SpinningWheelLib.pdb
2024-11-18 22:47:05.931 - Copied file: G:\code\WebLaunch\handlerlaunch\bin\Debug\net9.0-windows10.0.17763.0\win-x64\WpfAnimatedGif.dll to G:\code\WebLaunch\handlerlaunch\bin\Debug\net9.0-windows10.0.17763.0\HandleGame\WpfAnimatedGif.dll
2024-11-18 22:47:05.932 - Copied file: G:\code\WebLaunch\handlerlaunch\bin\Debug\net9.0-windows10.0.17763.0\win-x64\XamlAnimatedGif.dll to G:\code\WebLaunch\handlerlaunch\bin\Debug\net9.0-windows10.0.17763.0\HandleGame\XamlAnimatedGif.dll
2024-11-18 22:47:05.932 - Copied file: G:\code\WebLaunch\handlerlaunch\bin\Debug\net9.0-windows10.0.17763.0\win-x64\DotNetZip.dll to G:\code\WebLaunch\handlerlaunch\bin\Debug\net9.0-windows10.0.17763.0\HandleGame\DotNetZip.dll
2024-11-18 22:47:05.933 - Copied file: G:\code\WebLaunch\handlerlaunch\bin\Debug\net9.0-windows10.0.17763.0\win-x64\Newtonsoft.Json.dll to G:\code\WebLaunch\handlerlaunch\bin\Debug\net9.0-windows10.0.17763.0\HandleGame\Newtonsoft.Json.dll
2024-11-18 22:47:05.934 - Copied file: G:\code\WebLaunch\handlerlaunch\bin\Debug\net9.0-windows10.0.17763.0\win-x64\log4net.dll to G:\code\WebLaunch\handlerlaunch\bin\Debug\net9.0-windows10.0.17763.0\HandleGame\log4net.dll
2024-11-18 22:47:05.934 - Copied file: G:\code\WebLaunch\handlerlaunch\bin\Debug\net9.0-windows10.0.17763.0\win-x64\Goblinfactory.Konsole.dll to G:\code\WebLaunch\handlerlaunch\bin\Debug\net9.0-windows10.0.17763.0\HandleGame\Goblinfactory.Konsole.dll
2024-11-18 22:47:05.934 - Copied file: G:\code\WebLaunch\handlerlaunch\bin\Debug\net9.0-windows10.0.17763.0\win-x64\CommandLine.dll to G:\code\WebLaunch\handlerlaunch\bin\Debug\net9.0-windows10.0.17763.0\HandleGame\CommandLine.dll
2024-11-18 22:47:05.935 - Copied file: G:\code\WebLaunch\handlerlaunch\bin\Debug\net9.0-windows10.0.17763.0\win-x64\Downloader.dll to G:\code\WebLaunch\handlerlaunch\bin\Debug\net9.0-windows10.0.17763.0\HandleGame\Downloader.dll
2024-11-18 22:47:05.936 - Copied file: G:\code\WebLaunch\handlerlaunch\bin\Debug\net9.0-windows10.0.17763.0\win-x64\Facepunch.Steamworks.Win64.dll to G:\code\WebLaunch\handlerlaunch\bin\Debug\net9.0-windows10.0.17763.0\HandleGame\Facepunch.Steamworks.Win64.dll
2024-11-18 22:47:05.936 - Copied file: G:\code\WebLaunch\handlerlaunch\bin\Debug\net9.0-windows10.0.17763.0\win-x64\LibDalamud.dll to G:\code\WebLaunch\handlerlaunch\bin\Debug\net9.0-windows10.0.17763.0\HandleGame\LibDalamud.dll
2024-11-18 22:47:05.937 - Copied file: G:\code\WebLaunch\handlerlaunch\bin\Debug\net9.0-windows10.0.17763.0\win-x64\LibDalamud.pdb to G:\code\WebLaunch\handlerlaunch\bin\Debug\net9.0-windows10.0.17763.0\HandleGame\LibDalamud.pdb
2024-11-18 22:47:05.937 - Copied file: G:\code\WebLaunch\handlerlaunch\bin\Debug\net9.0-windows10.0.17763.0\win-x64\Mono.Nat.dll to G:\code\WebLaunch\handlerlaunch\bin\Debug\net9.0-windows10.0.17763.0\HandleGame\Mono.Nat.dll
2024-11-18 22:47:05.938 - Copied file: G:\code\WebLaunch\handlerlaunch\bin\Debug\net9.0-windows10.0.17763.0\win-x64\MonoTorrent.dll to G:\code\WebLaunch\handlerlaunch\bin\Debug\net9.0-windows10.0.17763.0\HandleGame\MonoTorrent.dll
2024-11-18 22:47:05.938 - Copied file: G:\code\WebLaunch\handlerlaunch\bin\Debug\net9.0-windows10.0.17763.0\win-x64\ReusableTasks.dll to G:\code\WebLaunch\handlerlaunch\bin\Debug\net9.0-windows10.0.17763.0\HandleGame\ReusableTasks.dll
2024-11-18 22:47:05.939 - Copied file: G:\code\WebLaunch\handlerlaunch\bin\Debug\net9.0-windows10.0.17763.0\win-x64\Serilog.dll to G:\code\WebLaunch\handlerlaunch\bin\Debug\net9.0-windows10.0.17763.0\HandleGame\Serilog.dll
2024-11-18 22:47:05.939 - Copied file: G:\code\WebLaunch\handlerlaunch\bin\Debug\net9.0-windows10.0.17763.0\win-x64\SharedMemory.dll to G:\code\WebLaunch\handlerlaunch\bin\Debug\net9.0-windows10.0.17763.0\HandleGame\SharedMemory.dll
2024-11-18 22:47:05.940 - Copied file: G:\code\WebLaunch\handlerlaunch\bin\Debug\net9.0-windows10.0.17763.0\win-x64\Microsoft.Toolkit.Uwp.Notifications.dll to G:\code\WebLaunch\handlerlaunch\bin\Debug\net9.0-windows10.0.17763.0\HandleGame\Microsoft.Toolkit.Uwp.Notifications.dll
2024-11-18 22:47:05.953 - Copied file: G:\code\WebLaunch\handlerlaunch\bin\Debug\net9.0-windows10.0.17763.0\win-x64\Microsoft.Windows.SDK.NET.dll to G:\code\WebLaunch\handlerlaunch\bin\Debug\net9.0-windows10.0.17763.0\HandleGame\Microsoft.Windows.SDK.NET.dll
2024-11-18 22:47:05.954 - Copied file: G:\code\WebLaunch\handlerlaunch\bin\Debug\net9.0-windows10.0.17763.0\win-x64\WinRT.Runtime.dll to G:\code\WebLaunch\handlerlaunch\bin\Debug\net9.0-windows10.0.17763.0\HandleGame\WinRT.Runtime.dll
2024-11-18 22:47:05.954 - Copied file: G:\code\WebLaunch\handlerlaunch\bin\Debug\net9.0-windows10.0.17763.0\win-x64\Elgar'nan.dll to G:\code\WebLaunch\handlerlaunch\bin\Debug\net9.0-windows10.0.17763.0\HandleGame\Elgar'nan.dll
2024-11-18 22:47:05.955 - Copied file: G:\code\WebLaunch\handlerlaunch\bin\Debug\net9.0-windows10.0.17763.0\win-x64\Elgar'nan.xml to G:\code\WebLaunch\handlerlaunch\bin\Debug\net9.0-windows10.0.17763.0\HandleGame\Elgar'nan.xml
2024-11-18 22:47:05.955 - Copied file: G:\code\WebLaunch\handlerlaunch\bin\Debug\net9.0-windows10.0.17763.0\win-x64\H.GeneratedIcons.System.Drawing.dll to G:\code\WebLaunch\handlerlaunch\bin\Debug\net9.0-windows10.0.17763.0\HandleGame\H.GeneratedIcons.System.Drawing.dll
2024-11-18 22:47:05.956 - Copied file: G:\code\WebLaunch\handlerlaunch\bin\Debug\net9.0-windows10.0.17763.0\win-x64\H.NotifyIcon.dll to G:\code\WebLaunch\handlerlaunch\bin\Debug\net9.0-windows10.0.17763.0\HandleGame\H.NotifyIcon.dll
2024-11-18 22:47:05.956 - Copied file: G:\code\WebLaunch\handlerlaunch\bin\Debug\net9.0-windows10.0.17763.0\win-x64\H.NotifyIcon.Wpf.dll to G:\code\WebLaunch\handlerlaunch\bin\Debug\net9.0-windows10.0.17763.0\HandleGame\H.NotifyIcon.Wpf.dll
2024-11-18 22:47:05.957 - Copied file: G:\code\WebLaunch\handlerlaunch\bin\Debug\net9.0-windows10.0.17763.0\win-x64\ImGui.NET.dll to G:\code\WebLaunch\handlerlaunch\bin\Debug\net9.0-windows10.0.17763.0\HandleGame\ImGui.NET.dll
2024-11-18 22:47:05.957 - Copied file: G:\code\WebLaunch\handlerlaunch\bin\Debug\net9.0-windows10.0.17763.0\win-x64\Microsoft.Extensions.DependencyInjection.Abstractions.dll to G:\code\WebLaunch\handlerlaunch\bin\Debug\net9.0-windows10.0.17763.0\HandleGame\Microsoft.Extensions.DependencyInjection.Abstractions.dll
2024-11-18 22:47:05.958 - Copied file: G:\code\WebLaunch\handlerlaunch\bin\Debug\net9.0-windows10.0.17763.0\win-x64\Microsoft.Extensions.DependencyInjection.dll to G:\code\WebLaunch\handlerlaunch\bin\Debug\net9.0-windows10.0.17763.0\HandleGame\Microsoft.Extensions.DependencyInjection.dll
2024-11-18 22:47:05.958 - Copied file: G:\code\WebLaunch\handlerlaunch\bin\Debug\net9.0-windows10.0.17763.0\win-x64\Microsoft.Extensions.Logging.Abstractions.dll to G:\code\WebLaunch\handlerlaunch\bin\Debug\net9.0-windows10.0.17763.0\HandleGame\Microsoft.Extensions.Logging.Abstractions.dll
2024-11-18 22:47:05.959 - Entering RegisterProtocolHandler method
2024-11-18 22:47:05.959 - Entering GetInstallPath method
2024-11-18 22:47:05.960 - Registered protocol handler with command: G:\code\WebLaunch\handlerlaunch\bin\Debug\net9.0-windows10.0.17763.0\HandleGame\WMConsole.exe %1
2024-11-18 22:47:05.960 - Showing notification: FFXIV Launch - Starting Final Fantasy XIV...
2024-11-18 22:47:05.974 - Showing notification: Error - Plugin ffxiv-launcher not found
2024-11-18 22:47:05.979 - An error occurred: Plugin ffxiv-launcher not found
2024-11-18 22:47:25.879 - Entering GetInstallPath method
2024-11-18 22:47:25.891 - Executable path: G:\code\WebLaunch\handlerlaunch\bin\Debug\net9.0-windows10.0.17763.0\win-x64\WMconsole.dll
2024-11-18 22:47:25.891 - Current directory: G:\code\WebLaunch\handlerlaunch\bin\Debug\net9.0-windows10.0.17763.0\win-x64
2024-11-18 22:47:25.891 - Parent directory: G:\code\WebLaunch\handlerlaunch\bin\Debug\net9.0-windows10.0.17763.0
2024-11-18 22:47:25.892 - Using parent directory for install: G:\code\WebLaunch\handlerlaunch\bin\Debug\net9.0-windows10.0.17763.0\HandleGame
2024-11-18 22:47:32.066 - Plugin loaded: FFXIV Game Launcher
2024-11-18 22:47:32.071 - Application started
2024-11-18 22:47:32.084 - Showing notification: Application Started - Initializing launcher...
2024-11-18 22:47:32.192 - Entering CopyFiles method
2024-11-18 22:47:32.193 - Entering GetInstallPath method
2024-11-18 22:47:32.193 - Base directory: G:\code\WebLaunch\handlerlaunch\bin\Debug\net9.0-windows10.0.17763.0\win-x64
2024-11-18 22:47:32.194 - Copied file: G:\code\WebLaunch\handlerlaunch\bin\Debug\net9.0-windows10.0.17763.0\win-x64\WMconsole.dll to G:\code\WebLaunch\handlerlaunch\bin\Debug\net9.0-windows10.0.17763.0\HandleGame\WMconsole.dll
2024-11-18 22:47:32.195 - Copied file: G:\code\WebLaunch\handlerlaunch\bin\Debug\net9.0-windows10.0.17763.0\win-x64\WMConsole.exe to G:\code\WebLaunch\handlerlaunch\bin\Debug\net9.0-windows10.0.17763.0\HandleGame\WMConsole.exe
2024-11-18 22:47:32.196 - Copied file: G:\code\WebLaunch\handlerlaunch\bin\Debug\net9.0-windows10.0.17763.0\win-x64\WMConsole.runtimeconfig.json to G:\code\WebLaunch\handlerlaunch\bin\Debug\net9.0-windows10.0.17763.0\HandleGame\WMConsole.runtimeconfig.json
2024-11-18 22:47:32.196 - Copied file: G:\code\WebLaunch\handlerlaunch\bin\Debug\net9.0-windows10.0.17763.0\win-x64\WMconsole.dll to G:\code\WebLaunch\handlerlaunch\bin\Debug\net9.0-windows10.0.17763.0\HandleGame\WMconsole.dll
2024-11-18 22:47:32.196 - Source file not found: G:\code\WebLaunch\handlerlaunch\bin\Debug\net9.0-windows10.0.17763.0\win-x64\WMconsole.pdb
2024-11-18 22:47:32.197 - Copied file: G:\code\WebLaunch\handlerlaunch\bin\Debug\net9.0-windows10.0.17763.0\win-x64\WMconsole.deps.json to G:\code\WebLaunch\handlerlaunch\bin\Debug\net9.0-windows10.0.17763.0\HandleGame\WMconsole.deps.json
2024-11-18 22:47:32.198 - Copied file: G:\code\WebLaunch\handlerlaunch\bin\Debug\net9.0-windows10.0.17763.0\win-x64\CoreLibLaunchSupport.dll to G:\code\WebLaunch\handlerlaunch\bin\Debug\net9.0-windows10.0.17763.0\HandleGame\CoreLibLaunchSupport.dll
2024-11-18 22:47:32.199 - Copied file: G:\code\WebLaunch\handlerlaunch\bin\Debug\net9.0-windows10.0.17763.0\win-x64\CoreLibLaunchSupport.pdb to G:\code\WebLaunch\handlerlaunch\bin\Debug\net9.0-windows10.0.17763.0\HandleGame\CoreLibLaunchSupport.pdb
2024-11-18 22:47:32.202 - Copied file: G:\code\WebLaunch\handlerlaunch\bin\Debug\net9.0-windows10.0.17763.0\win-x64\SpinningWheelLib.dll to G:\code\WebLaunch\handlerlaunch\bin\Debug\net9.0-windows10.0.17763.0\HandleGame\SpinningWheelLib.dll
2024-11-18 22:47:32.203 - Copied file: G:\code\WebLaunch\handlerlaunch\bin\Debug\net9.0-windows10.0.17763.0\win-x64\SpinningWheelLib.pdb to G:\code\WebLaunch\handlerlaunch\bin\Debug\net9.0-windows10.0.17763.0\HandleGame\SpinningWheelLib.pdb
2024-11-18 22:47:32.203 - Copied file: G:\code\WebLaunch\handlerlaunch\bin\Debug\net9.0-windows10.0.17763.0\win-x64\WpfAnimatedGif.dll to G:\code\WebLaunch\handlerlaunch\bin\Debug\net9.0-windows10.0.17763.0\HandleGame\WpfAnimatedGif.dll
2024-11-18 22:47:32.204 - Copied file: G:\code\WebLaunch\handlerlaunch\bin\Debug\net9.0-windows10.0.17763.0\win-x64\XamlAnimatedGif.dll to G:\code\WebLaunch\handlerlaunch\bin\Debug\net9.0-windows10.0.17763.0\HandleGame\XamlAnimatedGif.dll
2024-11-18 22:47:32.205 - Copied file: G:\code\WebLaunch\handlerlaunch\bin\Debug\net9.0-windows10.0.17763.0\win-x64\DotNetZip.dll to G:\code\WebLaunch\handlerlaunch\bin\Debug\net9.0-windows10.0.17763.0\HandleGame\DotNetZip.dll
2024-11-18 22:47:32.206 - Copied file: G:\code\WebLaunch\handlerlaunch\bin\Debug\net9.0-windows10.0.17763.0\win-x64\Newtonsoft.Json.dll to G:\code\WebLaunch\handlerlaunch\bin\Debug\net9.0-windows10.0.17763.0\HandleGame\Newtonsoft.Json.dll
2024-11-18 22:47:32.207 - Copied file: G:\code\WebLaunch\handlerlaunch\bin\Debug\net9.0-windows10.0.17763.0\win-x64\log4net.dll to G:\code\WebLaunch\handlerlaunch\bin\Debug\net9.0-windows10.0.17763.0\HandleGame\log4net.dll
2024-11-18 22:47:32.207 - Copied file: G:\code\WebLaunch\handlerlaunch\bin\Debug\net9.0-windows10.0.17763.0\win-x64\Goblinfactory.Konsole.dll to G:\code\WebLaunch\handlerlaunch\bin\Debug\net9.0-windows10.0.17763.0\HandleGame\Goblinfactory.Konsole.dll
2024-11-18 22:47:32.208 - Copied file: G:\code\WebLaunch\handlerlaunch\bin\Debug\net9.0-windows10.0.17763.0\win-x64\CommandLine.dll to G:\code\WebLaunch\handlerlaunch\bin\Debug\net9.0-windows10.0.17763.0\HandleGame\CommandLine.dll
2024-11-18 22:47:32.208 - Copied file: G:\code\WebLaunch\handlerlaunch\bin\Debug\net9.0-windows10.0.17763.0\win-x64\Downloader.dll to G:\code\WebLaunch\handlerlaunch\bin\Debug\net9.0-windows10.0.17763.0\HandleGame\Downloader.dll
2024-11-18 22:47:32.209 - Copied file: G:\code\WebLaunch\handlerlaunch\bin\Debug\net9.0-windows10.0.17763.0\win-x64\Facepunch.Steamworks.Win64.dll to G:\code\WebLaunch\handlerlaunch\bin\Debug\net9.0-windows10.0.17763.0\HandleGame\Facepunch.Steamworks.Win64.dll
2024-11-18 22:47:32.210 - Copied file: G:\code\WebLaunch\handlerlaunch\bin\Debug\net9.0-windows10.0.17763.0\win-x64\LibDalamud.dll to G:\code\WebLaunch\handlerlaunch\bin\Debug\net9.0-windows10.0.17763.0\HandleGame\LibDalamud.dll
2024-11-18 22:47:32.210 - Copied file: G:\code\WebLaunch\handlerlaunch\bin\Debug\net9.0-windows10.0.17763.0\win-x64\LibDalamud.pdb to G:\code\WebLaunch\handlerlaunch\bin\Debug\net9.0-windows10.0.17763.0\HandleGame\LibDalamud.pdb
2024-11-18 22:47:32.211 - Copied file: G:\code\WebLaunch\handlerlaunch\bin\Debug\net9.0-windows10.0.17763.0\win-x64\Mono.Nat.dll to G:\code\WebLaunch\handlerlaunch\bin\Debug\net9.0-windows10.0.17763.0\HandleGame\Mono.Nat.dll
2024-11-18 22:47:32.211 - Copied file: G:\code\WebLaunch\handlerlaunch\bin\Debug\net9.0-windows10.0.17763.0\win-x64\MonoTorrent.dll to G:\code\WebLaunch\handlerlaunch\bin\Debug\net9.0-windows10.0.17763.0\HandleGame\MonoTorrent.dll
2024-11-18 22:47:32.212 - Copied file: G:\code\WebLaunch\handlerlaunch\bin\Debug\net9.0-windows10.0.17763.0\win-x64\ReusableTasks.dll to G:\code\WebLaunch\handlerlaunch\bin\Debug\net9.0-windows10.0.17763.0\HandleGame\ReusableTasks.dll
2024-11-18 22:47:32.212 - Copied file: G:\code\WebLaunch\handlerlaunch\bin\Debug\net9.0-windows10.0.17763.0\win-x64\Serilog.dll to G:\code\WebLaunch\handlerlaunch\bin\Debug\net9.0-windows10.0.17763.0\HandleGame\Serilog.dll
2024-11-18 22:47:32.213 - Copied file: G:\code\WebLaunch\handlerlaunch\bin\Debug\net9.0-windows10.0.17763.0\win-x64\SharedMemory.dll to G:\code\WebLaunch\handlerlaunch\bin\Debug\net9.0-windows10.0.17763.0\HandleGame\SharedMemory.dll
2024-11-18 22:47:32.214 - Copied file: G:\code\WebLaunch\handlerlaunch\bin\Debug\net9.0-windows10.0.17763.0\win-x64\Microsoft.Toolkit.Uwp.Notifications.dll to G:\code\WebLaunch\handlerlaunch\bin\Debug\net9.0-windows10.0.17763.0\HandleGame\Microsoft.Toolkit.Uwp.Notifications.dll
2024-11-18 22:47:32.224 - Copied file: G:\code\WebLaunch\handlerlaunch\bin\Debug\net9.0-windows10.0.17763.0\win-x64\Microsoft.Windows.SDK.NET.dll to G:\code\WebLaunch\handlerlaunch\bin\Debug\net9.0-windows10.0.17763.0\HandleGame\Microsoft.Windows.SDK.NET.dll
2024-11-18 22:47:32.225 - Copied file: G:\code\WebLaunch\handlerlaunch\bin\Debug\net9.0-windows10.0.17763.0\win-x64\WinRT.Runtime.dll to G:\code\WebLaunch\handlerlaunch\bin\Debug\net9.0-windows10.0.17763.0\HandleGame\WinRT.Runtime.dll
2024-11-18 22:47:32.225 - Copied file: G:\code\WebLaunch\handlerlaunch\bin\Debug\net9.0-windows10.0.17763.0\win-x64\Elgar'nan.dll to G:\code\WebLaunch\handlerlaunch\bin\Debug\net9.0-windows10.0.17763.0\HandleGame\Elgar'nan.dll
2024-11-18 22:47:32.225 - Copied file: G:\code\WebLaunch\handlerlaunch\bin\Debug\net9.0-windows10.0.17763.0\win-x64\Elgar'nan.xml to G:\code\WebLaunch\handlerlaunch\bin\Debug\net9.0-windows10.0.17763.0\HandleGame\Elgar'nan.xml
2024-11-18 22:47:32.226 - Copied file: G:\code\WebLaunch\handlerlaunch\bin\Debug\net9.0-windows10.0.17763.0\win-x64\H.GeneratedIcons.System.Drawing.dll to G:\code\WebLaunch\handlerlaunch\bin\Debug\net9.0-windows10.0.17763.0\HandleGame\H.GeneratedIcons.System.Drawing.dll
2024-11-18 22:47:32.226 - Copied file: G:\code\WebLaunch\handlerlaunch\bin\Debug\net9.0-windows10.0.17763.0\win-x64\H.NotifyIcon.dll to G:\code\WebLaunch\handlerlaunch\bin\Debug\net9.0-windows10.0.17763.0\HandleGame\H.NotifyIcon.dll
2024-11-18 22:47:32.227 - Copied file: G:\code\WebLaunch\handlerlaunch\bin\Debug\net9.0-windows10.0.17763.0\win-x64\H.NotifyIcon.Wpf.dll to G:\code\WebLaunch\handlerlaunch\bin\Debug\net9.0-windows10.0.17763.0\HandleGame\H.NotifyIcon.Wpf.dll
2024-11-18 22:47:32.227 - Copied file: G:\code\WebLaunch\handlerlaunch\bin\Debug\net9.0-windows10.0.17763.0\win-x64\ImGui.NET.dll to G:\code\WebLaunch\handlerlaunch\bin\Debug\net9.0-windows10.0.17763.0\HandleGame\ImGui.NET.dll
2024-11-18 22:47:32.228 - Copied file: G:\code\WebLaunch\handlerlaunch\bin\Debug\net9.0-windows10.0.17763.0\win-x64\Microsoft.Extensions.DependencyInjection.Abstractions.dll to G:\code\WebLaunch\handlerlaunch\bin\Debug\net9.0-windows10.0.17763.0\HandleGame\Microsoft.Extensions.DependencyInjection.Abstractions.dll
2024-11-18 22:47:32.228 - Copied file: G:\code\WebLaunch\handlerlaunch\bin\Debug\net9.0-windows10.0.17763.0\win-x64\Microsoft.Extensions.DependencyInjection.dll to G:\code\WebLaunch\handlerlaunch\bin\Debug\net9.0-windows10.0.17763.0\HandleGame\Microsoft.Extensions.DependencyInjection.dll
2024-11-18 22:47:32.229 - Copied file: G:\code\WebLaunch\handlerlaunch\bin\Debug\net9.0-windows10.0.17763.0\win-x64\Microsoft.Extensions.Logging.Abstractions.dll to G:\code\WebLaunch\handlerlaunch\bin\Debug\net9.0-windows10.0.17763.0\HandleGame\Microsoft.Extensions.Logging.Abstractions.dll
2024-11-18 22:47:32.229 - Entering RegisterProtocolHandler method
2024-11-18 22:47:32.229 - Entering GetInstallPath method
2024-11-18 22:47:32.229 - Registered protocol handler with command: G:\code\WebLaunch\handlerlaunch\bin\Debug\net9.0-windows10.0.17763.0\HandleGame\WMConsole.exe %1
2024-11-18 22:47:32.229 - Showing notification: FFXIV Launch - Starting Final Fantasy XIV...
2024-11-18 22:47:32.234 - Processing launch arguments: ?ffxivhandle=yes?login=rsncra:?pass=U0JtQRtbR0oQBwZPSA==:?hash=0793c838d237058165cb6af12fc85d9f404683dd642f57c1822ceac3e70f120d:?otp=642661:?gamepath=G:\ffxiv:?issteam=no
2024-11-18 22:47:32.236 - Extracted username: rsncra
2024-11-18 22:47:32.236 - Encrypted password extracted: U0JtQRtbR0oQBwZPSA
2024-11-18 22:47:32.236 - Hash extracted: 0793c838d237058165cb6af12fc85d9f404683dd642f57c1822ceac3e70f120d
2024-11-18 22:47:32.236 - OTP extracted: 642661
2024-11-18 22:47:32.236 - Game path extracted: G:\ffxiv
2024-11-18 22:47:32.237 - Starting password decryption
2024-11-18 22:47:32.237 - Hash received: 0793c838d237058165cb6af12fc85d9f404683dd642f57c1822ceac3e70f120d
2024-11-18 22:47:32.237 - Encrypted password: U0JtQRtbR0oQBwZPSA==
2024-11-18 22:47:32.237 - Encrypted bytes length: 13
2024-11-18 22:47:32.237 - Key bytes length: 16
2024-11-18 22:47:32.237 - Decryption completed successfully
2024-11-18 22:47:32.238 - Password successfully decrypted
2024-11-18 22:47:32.238 - Extracted credentials for launch - Game Path: G:\ffxiv
2024-11-18 22:47:34.959 - Showing notification: Error - Failed to launch FFXIV
2024-11-18 22:56:22.973 - Entering GetInstallPath method
2024-11-18 22:56:22.985 - Executable path: G:\code\WebLaunch\handlerlaunch\bin\Debug\net9.0-windows10.0.17763.0\win-x64\WMconsole.dll
2024-11-18 22:56:22.985 - Current directory: G:\code\WebLaunch\handlerlaunch\bin\Debug\net9.0-windows10.0.17763.0\win-x64
2024-11-18 22:56:22.986 - Parent directory: G:\code\WebLaunch\handlerlaunch\bin\Debug\net9.0-windows10.0.17763.0
2024-11-18 22:56:22.988 - Using parent directory for install: G:\code\WebLaunch\handlerlaunch\bin\Debug\net9.0-windows10.0.17763.0\HandleGame
2024-11-18 22:56:29.198 - Plugin loaded: FFXIV Game Launcher
2024-11-18 22:56:29.207 - Application started
2024-11-18 22:56:29.233 - Showing notification: Application Started - Initializing launcher...
2024-11-18 22:56:29.339 - Entering CopyFiles method
2024-11-18 22:56:29.339 - Entering GetInstallPath method
2024-11-18 22:56:29.339 - Base directory: G:\code\WebLaunch\handlerlaunch\bin\Debug\net9.0-windows10.0.17763.0\win-x64
2024-11-18 22:56:29.340 - Copied file: G:\code\WebLaunch\handlerlaunch\bin\Debug\net9.0-windows10.0.17763.0\win-x64\WMconsole.dll to G:\code\WebLaunch\handlerlaunch\bin\Debug\net9.0-windows10.0.17763.0\HandleGame\WMconsole.dll
2024-11-18 22:56:29.340 - Copied file: G:\code\WebLaunch\handlerlaunch\bin\Debug\net9.0-windows10.0.17763.0\win-x64\WMConsole.exe to G:\code\WebLaunch\handlerlaunch\bin\Debug\net9.0-windows10.0.17763.0\HandleGame\WMConsole.exe
2024-11-18 22:56:29.341 - Copied file: G:\code\WebLaunch\handlerlaunch\bin\Debug\net9.0-windows10.0.17763.0\win-x64\WMConsole.runtimeconfig.json to G:\code\WebLaunch\handlerlaunch\bin\Debug\net9.0-windows10.0.17763.0\HandleGame\WMConsole.runtimeconfig.json
2024-11-18 22:56:29.342 - Copied file: G:\code\WebLaunch\handlerlaunch\bin\Debug\net9.0-windows10.0.17763.0\win-x64\WMconsole.dll to G:\code\WebLaunch\handlerlaunch\bin\Debug\net9.0-windows10.0.17763.0\HandleGame\WMconsole.dll
2024-11-18 22:56:29.342 - Source file not found: G:\code\WebLaunch\handlerlaunch\bin\Debug\net9.0-windows10.0.17763.0\win-x64\WMconsole.pdb
2024-11-18 22:56:29.342 - Copied file: G:\code\WebLaunch\handlerlaunch\bin\Debug\net9.0-windows10.0.17763.0\win-x64\WMconsole.deps.json to G:\code\WebLaunch\handlerlaunch\bin\Debug\net9.0-windows10.0.17763.0\HandleGame\WMconsole.deps.json
2024-11-18 22:56:29.346 - Copied file: G:\code\WebLaunch\handlerlaunch\bin\Debug\net9.0-windows10.0.17763.0\win-x64\CoreLibLaunchSupport.dll to G:\code\WebLaunch\handlerlaunch\bin\Debug\net9.0-windows10.0.17763.0\HandleGame\CoreLibLaunchSupport.dll
2024-11-18 22:56:29.347 - Copied file: G:\code\WebLaunch\handlerlaunch\bin\Debug\net9.0-windows10.0.17763.0\win-x64\CoreLibLaunchSupport.pdb to G:\code\WebLaunch\handlerlaunch\bin\Debug\net9.0-windows10.0.17763.0\HandleGame\CoreLibLaunchSupport.pdb
2024-11-18 22:56:29.348 - Copied file: G:\code\WebLaunch\handlerlaunch\bin\Debug\net9.0-windows10.0.17763.0\win-x64\SpinningWheelLib.dll to G:\code\WebLaunch\handlerlaunch\bin\Debug\net9.0-windows10.0.17763.0\HandleGame\SpinningWheelLib.dll
2024-11-18 22:56:29.349 - Copied file: G:\code\WebLaunch\handlerlaunch\bin\Debug\net9.0-windows10.0.17763.0\win-x64\SpinningWheelLib.pdb to G:\code\WebLaunch\handlerlaunch\bin\Debug\net9.0-windows10.0.17763.0\HandleGame\SpinningWheelLib.pdb
2024-11-18 22:56:29.349 - Copied file: G:\code\WebLaunch\handlerlaunch\bin\Debug\net9.0-windows10.0.17763.0\win-x64\WpfAnimatedGif.dll to G:\code\WebLaunch\handlerlaunch\bin\Debug\net9.0-windows10.0.17763.0\HandleGame\WpfAnimatedGif.dll
2024-11-18 22:56:29.350 - Copied file: G:\code\WebLaunch\handlerlaunch\bin\Debug\net9.0-windows10.0.17763.0\win-x64\XamlAnimatedGif.dll to G:\code\WebLaunch\handlerlaunch\bin\Debug\net9.0-windows10.0.17763.0\HandleGame\XamlAnimatedGif.dll
2024-11-18 22:56:29.350 - Copied file: G:\code\WebLaunch\handlerlaunch\bin\Debug\net9.0-windows10.0.17763.0\win-x64\DotNetZip.dll to G:\code\WebLaunch\handlerlaunch\bin\Debug\net9.0-windows10.0.17763.0\HandleGame\DotNetZip.dll
2024-11-18 22:56:29.351 - Copied file: G:\code\WebLaunch\handlerlaunch\bin\Debug\net9.0-windows10.0.17763.0\win-x64\Newtonsoft.Json.dll to G:\code\WebLaunch\handlerlaunch\bin\Debug\net9.0-windows10.0.17763.0\HandleGame\Newtonsoft.Json.dll
2024-11-18 22:56:29.352 - Copied file: G:\code\WebLaunch\handlerlaunch\bin\Debug\net9.0-windows10.0.17763.0\win-x64\log4net.dll to G:\code\WebLaunch\handlerlaunch\bin\Debug\net9.0-windows10.0.17763.0\HandleGame\log4net.dll
2024-11-18 22:56:29.352 - Copied file: G:\code\WebLaunch\handlerlaunch\bin\Debug\net9.0-windows10.0.17763.0\win-x64\Goblinfactory.Konsole.dll to G:\code\WebLaunch\handlerlaunch\bin\Debug\net9.0-windows10.0.17763.0\HandleGame\Goblinfactory.Konsole.dll
2024-11-18 22:56:29.353 - Copied file: G:\code\WebLaunch\handlerlaunch\bin\Debug\net9.0-windows10.0.17763.0\win-x64\CommandLine.dll to G:\code\WebLaunch\handlerlaunch\bin\Debug\net9.0-windows10.0.17763.0\HandleGame\CommandLine.dll
2024-11-18 22:56:29.353 - Copied file: G:\code\WebLaunch\handlerlaunch\bin\Debug\net9.0-windows10.0.17763.0\win-x64\Downloader.dll to G:\code\WebLaunch\handlerlaunch\bin\Debug\net9.0-windows10.0.17763.0\HandleGame\Downloader.dll
2024-11-18 22:56:29.354 - Copied file: G:\code\WebLaunch\handlerlaunch\bin\Debug\net9.0-windows10.0.17763.0\win-x64\Facepunch.Steamworks.Win64.dll to G:\code\WebLaunch\handlerlaunch\bin\Debug\net9.0-windows10.0.17763.0\HandleGame\Facepunch.Steamworks.Win64.dll
2024-11-18 22:56:29.355 - Copied file: G:\code\WebLaunch\handlerlaunch\bin\Debug\net9.0-windows10.0.17763.0\win-x64\LibDalamud.dll to G:\code\WebLaunch\handlerlaunch\bin\Debug\net9.0-windows10.0.17763.0\HandleGame\LibDalamud.dll
2024-11-18 22:56:29.355 - Copied file: G:\code\WebLaunch\handlerlaunch\bin\Debug\net9.0-windows10.0.17763.0\win-x64\LibDalamud.pdb to G:\code\WebLaunch\handlerlaunch\bin\Debug\net9.0-windows10.0.17763.0\HandleGame\LibDalamud.pdb
2024-11-18 22:56:29.355 - Copied file: G:\code\WebLaunch\handlerlaunch\bin\Debug\net9.0-windows10.0.17763.0\win-x64\Mono.Nat.dll to G:\code\WebLaunch\handlerlaunch\bin\Debug\net9.0-windows10.0.17763.0\HandleGame\Mono.Nat.dll
2024-11-18 22:56:29.356 - Copied file: G:\code\WebLaunch\handlerlaunch\bin\Debug\net9.0-windows10.0.17763.0\win-x64\MonoTorrent.dll to G:\code\WebLaunch\handlerlaunch\bin\Debug\net9.0-windows10.0.17763.0\HandleGame\MonoTorrent.dll
2024-11-18 22:56:29.356 - Copied file: G:\code\WebLaunch\handlerlaunch\bin\Debug\net9.0-windows10.0.17763.0\win-x64\ReusableTasks.dll to G:\code\WebLaunch\handlerlaunch\bin\Debug\net9.0-windows10.0.17763.0\HandleGame\ReusableTasks.dll
2024-11-18 22:56:29.357 - Copied file: G:\code\WebLaunch\handlerlaunch\bin\Debug\net9.0-windows10.0.17763.0\win-x64\Serilog.dll to G:\code\WebLaunch\handlerlaunch\bin\Debug\net9.0-windows10.0.17763.0\HandleGame\Serilog.dll
2024-11-18 22:56:29.358 - Copied file: G:\code\WebLaunch\handlerlaunch\bin\Debug\net9.0-windows10.0.17763.0\win-x64\SharedMemory.dll to G:\code\WebLaunch\handlerlaunch\bin\Debug\net9.0-windows10.0.17763.0\HandleGame\SharedMemory.dll
2024-11-18 22:56:29.359 - Copied file: G:\code\WebLaunch\handlerlaunch\bin\Debug\net9.0-windows10.0.17763.0\win-x64\Microsoft.Toolkit.Uwp.Notifications.dll to G:\code\WebLaunch\handlerlaunch\bin\Debug\net9.0-windows10.0.17763.0\HandleGame\Microsoft.Toolkit.Uwp.Notifications.dll
2024-11-18 22:56:29.382 - Copied file: G:\code\WebLaunch\handlerlaunch\bin\Debug\net9.0-windows10.0.17763.0\win-x64\Microsoft.Windows.SDK.NET.dll to G:\code\WebLaunch\handlerlaunch\bin\Debug\net9.0-windows10.0.17763.0\HandleGame\Microsoft.Windows.SDK.NET.dll
2024-11-18 22:56:29.383 - Copied file: G:\code\WebLaunch\handlerlaunch\bin\Debug\net9.0-windows10.0.17763.0\win-x64\WinRT.Runtime.dll to G:\code\WebLaunch\handlerlaunch\bin\Debug\net9.0-windows10.0.17763.0\HandleGame\WinRT.Runtime.dll
2024-11-18 22:56:29.384 - Copied file: G:\code\WebLaunch\handlerlaunch\bin\Debug\net9.0-windows10.0.17763.0\win-x64\Elgar'nan.dll to G:\code\WebLaunch\handlerlaunch\bin\Debug\net9.0-windows10.0.17763.0\HandleGame\Elgar'nan.dll
2024-11-18 22:56:29.384 - Copied file: G:\code\WebLaunch\handlerlaunch\bin\Debug\net9.0-windows10.0.17763.0\win-x64\Elgar'nan.xml to G:\code\WebLaunch\handlerlaunch\bin\Debug\net9.0-windows10.0.17763.0\HandleGame\Elgar'nan.xml
2024-11-18 22:56:29.384 - Copied file: G:\code\WebLaunch\handlerlaunch\bin\Debug\net9.0-windows10.0.17763.0\win-x64\H.GeneratedIcons.System.Drawing.dll to G:\code\WebLaunch\handlerlaunch\bin\Debug\net9.0-windows10.0.17763.0\HandleGame\H.GeneratedIcons.System.Drawing.dll
2024-11-18 22:56:29.385 - Copied file: G:\code\WebLaunch\handlerlaunch\bin\Debug\net9.0-windows10.0.17763.0\win-x64\H.NotifyIcon.dll to G:\code\WebLaunch\handlerlaunch\bin\Debug\net9.0-windows10.0.17763.0\HandleGame\H.NotifyIcon.dll
2024-11-18 22:56:29.385 - Copied file: G:\code\WebLaunch\handlerlaunch\bin\Debug\net9.0-windows10.0.17763.0\win-x64\H.NotifyIcon.Wpf.dll to G:\code\WebLaunch\handlerlaunch\bin\Debug\net9.0-windows10.0.17763.0\HandleGame\H.NotifyIcon.Wpf.dll
2024-11-18 22:56:29.386 - Copied file: G:\code\WebLaunch\handlerlaunch\bin\Debug\net9.0-windows10.0.17763.0\win-x64\ImGui.NET.dll to G:\code\WebLaunch\handlerlaunch\bin\Debug\net9.0-windows10.0.17763.0\HandleGame\ImGui.NET.dll
2024-11-18 22:56:29.386 - Copied file: G:\code\WebLaunch\handlerlaunch\bin\Debug\net9.0-windows10.0.17763.0\win-x64\Microsoft.Extensions.DependencyInjection.Abstractions.dll to G:\code\WebLaunch\handlerlaunch\bin\Debug\net9.0-windows10.0.17763.0\HandleGame\Microsoft.Extensions.DependencyInjection.Abstractions.dll
2024-11-18 22:56:29.387 - Copied file: G:\code\WebLaunch\handlerlaunch\bin\Debug\net9.0-windows10.0.17763.0\win-x64\Microsoft.Extensions.DependencyInjection.dll to G:\code\WebLaunch\handlerlaunch\bin\Debug\net9.0-windows10.0.17763.0\HandleGame\Microsoft.Extensions.DependencyInjection.dll
2024-11-18 22:56:29.387 - Copied file: G:\code\WebLaunch\handlerlaunch\bin\Debug\net9.0-windows10.0.17763.0\win-x64\Microsoft.Extensions.Logging.Abstractions.dll to G:\code\WebLaunch\handlerlaunch\bin\Debug\net9.0-windows10.0.17763.0\HandleGame\Microsoft.Extensions.Logging.Abstractions.dll
2024-11-18 22:56:29.388 - Entering RegisterProtocolHandler method
2024-11-18 22:56:29.388 - Entering GetInstallPath method
2024-11-18 22:56:29.388 - Registered protocol handler with command: G:\code\WebLaunch\handlerlaunch\bin\Debug\net9.0-windows10.0.17763.0\HandleGame\WMConsole.exe %1
2024-11-18 22:56:29.388 - Showing notification: FFXIV Launch - Starting Final Fantasy XIV...
2024-11-18 22:56:29.392 - Processing launch arguments: ?ffxivhandle=yes?login=rsncra:?pass=U0JtQRtbR0oQBwZPSA==:?hash=0793c838d237058165cb6af12fc85d9f404683dd642f57c1822ceac3e70f120d:?otp=642661:?gamepath=G:\ffxiv:?issteam=no
2024-11-18 22:56:29.395 - Extracted username: rsncra
2024-11-18 22:56:29.395 - Encrypted password extracted: U0JtQRtbR0oQBwZPSA
2024-11-18 22:56:29.395 - Hash extracted: 0793c838d237058165cb6af12fc85d9f404683dd642f57c1822ceac3e70f120d
2024-11-18 22:56:29.395 - OTP extracted: 642661
2024-11-18 22:56:29.395 - Game path extracted: G:\ffxiv
2024-11-18 22:56:29.396 - Starting password decryption
2024-11-18 22:56:29.396 - Hash received: 0793c838d237058165cb6af12fc85d9f404683dd642f57c1822ceac3e70f120d
2024-11-18 22:56:29.396 - Encrypted password: U0JtQRtbR0oQBwZPSA==
2024-11-18 22:56:29.396 - Encrypted bytes length: 13
2024-11-18 22:56:29.396 - Key bytes length: 16
2024-11-18 22:56:29.396 - Decryption completed successfully
2024-11-18 22:56:29.396 - Password successfully decrypted
2024-11-18 22:56:29.396 - Extracted credentials for launch - Game Path: G:\ffxiv
2024-11-18 22:56:32.293 - Showing notification: Error - Failed to launch FFXIV
