2024-11-06 18:17:37.822 - Application started
2024-11-06 18:17:37.830 - Showing notification: Application Started - Initializing launcher...
2024-11-06 18:17:37.911 - Entering CopyFiles method
2024-11-06 18:17:37.912 - Entering GetInstallPath method
2024-11-06 18:17:37.912 - Executable path: G:\code\WebLaunch\handlerlaunch\bin\Debug\HandleGame\WMconsole.dll
2024-11-06 18:17:37.912 - Current directory: G:\code\WebLaunch\handlerlaunch\bin\Debug\HandleGame
2024-11-06 18:17:37.912 - Parent directory: G:\code\WebLaunch\handlerlaunch\bin\Debug
2024-11-06 18:17:37.912 - Using parent directory for install: G:\code\WebLaunch\handlerlaunch\bin\Debug\HandleGame
2024-11-06 18:17:37.912 - Created install directory: G:\code\WebLaunch\handlerlaunch\bin\Debug\HandleGame
2024-11-06 18:17:37.913 - Base directory: G:\code\WebLaunch\handlerlaunch\bin\Debug\HandleGame
2024-11-06 18:17:37.914 - Error copying file G:\code\WebLaunch\handlerlaunch\bin\Debug\HandleGame\WMconsole.dll: The process cannot access the file 'G:\code\WebLaunch\handlerlaunch\bin\Debug\HandleGame\WMconsole.dll' because it is being used by another process.
2024-11-06 18:17:37.914 - Error copying file G:\code\WebLaunch\handlerlaunch\bin\Debug\HandleGame\WMConsole.exe: The process cannot access the file 'G:\code\WebLaunch\handlerlaunch\bin\Debug\HandleGame\WMConsole.exe' because it is being used by another process.
2024-11-06 18:17:37.915 - Error copying file G:\code\WebLaunch\handlerlaunch\bin\Debug\HandleGame\WMConsole.runtimeconfig.json: The process cannot access the file 'G:\code\WebLaunch\handlerlaunch\bin\Debug\HandleGame\WMConsole.runtimeconfig.json' because it is being used by another process.
2024-11-06 18:17:37.915 - Error copying file G:\code\WebLaunch\handlerlaunch\bin\Debug\HandleGame\CoreLibLaunchSupport.dll: The process cannot access the file 'G:\code\WebLaunch\handlerlaunch\bin\Debug\HandleGame\CoreLibLaunchSupport.dll' because it is being used by another process.
2024-11-06 18:17:37.915 - Error copying file G:\code\WebLaunch\handlerlaunch\bin\Debug\HandleGame\SpinningWheelLib.dll: The process cannot access the file 'G:\code\WebLaunch\handlerlaunch\bin\Debug\HandleGame\SpinningWheelLib.dll' because it is being used by another process.
2024-11-06 18:17:37.916 - Error copying file G:\code\WebLaunch\handlerlaunch\bin\Debug\HandleGame\WpfAnimatedGif.dll: The process cannot access the file 'G:\code\WebLaunch\handlerlaunch\bin\Debug\HandleGame\WpfAnimatedGif.dll' because it is being used by another process.
2024-11-06 18:17:37.916 - Error copying file G:\code\WebLaunch\handlerlaunch\bin\Debug\HandleGame\XamlAnimatedGif.dll: The process cannot access the file 'G:\code\WebLaunch\handlerlaunch\bin\Debug\HandleGame\XamlAnimatedGif.dll' because it is being used by another process.
2024-11-06 18:17:37.916 - Error copying file G:\code\WebLaunch\handlerlaunch\bin\Debug\HandleGame\DotNetZip.dll: The process cannot access the file 'G:\code\WebLaunch\handlerlaunch\bin\Debug\HandleGame\DotNetZip.dll' because it is being used by another process.
2024-11-06 18:17:37.917 - Error copying file G:\code\WebLaunch\handlerlaunch\bin\Debug\HandleGame\Newtonsoft.Json.dll: The process cannot access the file 'G:\code\WebLaunch\handlerlaunch\bin\Debug\HandleGame\Newtonsoft.Json.dll' because it is being used by another process.
2024-11-06 18:17:37.917 - Error copying file G:\code\WebLaunch\handlerlaunch\bin\Debug\HandleGame\log4net.dll: The process cannot access the file 'G:\code\WebLaunch\handlerlaunch\bin\Debug\HandleGame\log4net.dll' because it is being used by another process.
2024-11-06 18:17:37.918 - Error copying file G:\code\WebLaunch\handlerlaunch\bin\Debug\HandleGame\Goblinfactory.Konsole.dll: The process cannot access the file 'G:\code\WebLaunch\handlerlaunch\bin\Debug\HandleGame\Goblinfactory.Konsole.dll' because it is being used by another process.
2024-11-06 18:17:37.918 - Error copying file G:\code\WebLaunch\handlerlaunch\bin\Debug\HandleGame\CommandLine.dll: The process cannot access the file 'G:\code\WebLaunch\handlerlaunch\bin\Debug\HandleGame\CommandLine.dll' because it is being used by another process.
2024-11-06 18:17:37.918 - Error copying file G:\code\WebLaunch\handlerlaunch\bin\Debug\HandleGame\Downloader.dll: The process cannot access the file 'G:\code\WebLaunch\handlerlaunch\bin\Debug\HandleGame\Downloader.dll' because it is being used by another process.
2024-11-06 18:17:37.919 - Error copying file G:\code\WebLaunch\handlerlaunch\bin\Debug\HandleGame\Facepunch.Steamworks.Win64.dll: The process cannot access the file 'G:\code\WebLaunch\handlerlaunch\bin\Debug\HandleGame\Facepunch.Steamworks.Win64.dll' because it is being used by another process.
2024-11-06 18:17:37.919 - Error copying file G:\code\WebLaunch\handlerlaunch\bin\Debug\HandleGame\LibDalamud.dll: The process cannot access the file 'G:\code\WebLaunch\handlerlaunch\bin\Debug\HandleGame\LibDalamud.dll' because it is being used by another process.
2024-11-06 18:17:37.919 - Error copying file G:\code\WebLaunch\handlerlaunch\bin\Debug\HandleGame\Mono.Nat.dll: The process cannot access the file 'G:\code\WebLaunch\handlerlaunch\bin\Debug\HandleGame\Mono.Nat.dll' because it is being used by another process.
2024-11-06 18:17:37.920 - Error copying file G:\code\WebLaunch\handlerlaunch\bin\Debug\HandleGame\MonoTorrent.dll: The process cannot access the file 'G:\code\WebLaunch\handlerlaunch\bin\Debug\HandleGame\MonoTorrent.dll' because it is being used by another process.
2024-11-06 18:17:37.920 - Error copying file G:\code\WebLaunch\handlerlaunch\bin\Debug\HandleGame\ReusableTasks.dll: The process cannot access the file 'G:\code\WebLaunch\handlerlaunch\bin\Debug\HandleGame\ReusableTasks.dll' because it is being used by another process.
2024-11-06 18:17:37.920 - Error copying file G:\code\WebLaunch\handlerlaunch\bin\Debug\HandleGame\Serilog.dll: The process cannot access the file 'G:\code\WebLaunch\handlerlaunch\bin\Debug\HandleGame\Serilog.dll' because it is being used by another process.
2024-11-06 18:17:37.921 - Error copying file G:\code\WebLaunch\handlerlaunch\bin\Debug\HandleGame\SharedMemory.dll: The process cannot access the file 'G:\code\WebLaunch\handlerlaunch\bin\Debug\HandleGame\SharedMemory.dll' because it is being used by another process.
2024-11-06 18:17:37.921 - Error copying file G:\code\WebLaunch\handlerlaunch\bin\Debug\HandleGame\Microsoft.Toolkit.Uwp.Notifications.dll: The process cannot access the file 'G:\code\WebLaunch\handlerlaunch\bin\Debug\HandleGame\Microsoft.Toolkit.Uwp.Notifications.dll' because it is being used by another process.
2024-11-06 18:17:37.921 - Error copying file G:\code\WebLaunch\handlerlaunch\bin\Debug\HandleGame\Microsoft.Windows.SDK.NET.dll: The process cannot access the file 'G:\code\WebLaunch\handlerlaunch\bin\Debug\HandleGame\Microsoft.Windows.SDK.NET.dll' because it is being used by another process.
2024-11-06 18:17:37.922 - Error copying file G:\code\WebLaunch\handlerlaunch\bin\Debug\HandleGame\WinRT.Runtime.dll: The process cannot access the file 'G:\code\WebLaunch\handlerlaunch\bin\Debug\HandleGame\WinRT.Runtime.dll' because it is being used by another process.
2024-11-06 18:17:37.922 - Entering RegisterProtocolHandler method
2024-11-06 18:17:37.923 - Entering GetInstallPath method
2024-11-06 18:17:37.923 - Registered protocol handler with command: G:\code\WebLaunch\handlerlaunch\bin\Debug\HandleGame\WMConsole.exe %1
2024-11-06 18:17:37.923 - Received arguments: handlewebrequest:HandleReqLaunch?spellbornhandle=yes:?gamepath=
2024-11-06 18:17:37.923 - Showing notification: Spellborn Launch - Starting Chronicles of Spellborn...
2024-11-06 18:17:37.940 - Processing args: handlewebrequest:HandleReqLaunch?spellbornhandle=yes:?gamepath=
2024-11-06 18:17:37.960 - Entering TextFollowing method
2024-11-06 18:17:37.970 - Starting Spellborn startup routine
2024-11-06 18:17:37.970 - Processing args: handlewebrequest:HandleReqLaunch?spellbornhandle=yes:?gamepath=
2024-11-06 18:17:37.970 - Entering TextFollowing method
2024-11-06 18:17:37.971 - Game path set: D:\Games\Spellborn
2024-11-06 18:17:37.971 - Clean install detected/no registry installpath key found
2024-11-06 18:17:37.971 - Install directory ensured: True
2024-11-06 18:17:37.972 - Installed version: 1.1.1.8a
2024-11-06 18:17:38.560 - Fetched latest.json file
2024-11-06 18:17:38.597 - Version mismatch detected
2024-11-06 18:17:38.597 - Updating existing installation
2024-11-06 18:17:38.598 - Checking updates for version: 1.1.1.8a
2024-11-06 18:17:38.685 - No updates found, enabling play button
2024-11-06 18:17:38.685 - Play button enabled
2024-11-06 18:17:38.685 - Version checked and updated
2024-11-06 18:17:38.685 - Launching game from: D:\Games\Spellborn\bin\client\Sb_client.exe
2024-11-06 18:17:39.913 - Game launched
