2024-11-06 13:04:55.136 - Application started
2024-11-06 13:04:55.185 - Showing notification: Application Started - Initializing launcher...
2024-11-06 13:04:55.437 - Entering CopyFiles method
2024-11-06 13:04:55.438 - Entering GetInstallPath method
2024-11-06 13:04:55.438 - Executable path: G:\code\WebLaunch\handlerlaunch\bin\Debug\net9.0-windows10.0.17763.0\WMconsole.dll
2024-11-06 13:04:55.439 - Current directory: G:\code\WebLaunch\handlerlaunch\bin\Debug\net9.0-windows10.0.17763.0
2024-11-06 13:04:55.439 - Parent directory: G:\code\WebLaunch\handlerlaunch\bin\Debug
2024-11-06 13:04:55.440 - Using parent directory for install: G:\code\WebLaunch\handlerlaunch\bin\Debug\HandleGame
2024-11-06 13:04:55.440 - Created install directory: G:\code\WebLaunch\handlerlaunch\bin\Debug\HandleGame
2024-11-06 13:04:55.440 - Base directory: G:\code\WebLaunch\handlerlaunch\bin\Debug\net9.0-windows10.0.17763.0
2024-11-06 13:04:55.442 - Copied file: G:\code\WebLaunch\handlerlaunch\bin\Debug\net9.0-windows10.0.17763.0\WMconsole.dll to G:\code\WebLaunch\handlerlaunch\bin\Debug\HandleGame\WMconsole.dll
2024-11-06 13:04:55.443 - Copied file: G:\code\WebLaunch\handlerlaunch\bin\Debug\net9.0-windows10.0.17763.0\WMConsole.exe to G:\code\WebLaunch\handlerlaunch\bin\Debug\HandleGame\WMConsole.exe
2024-11-06 13:04:55.444 - Copied file: G:\code\WebLaunch\handlerlaunch\bin\Debug\net9.0-windows10.0.17763.0\WMConsole.runtimeconfig.json to G:\code\WebLaunch\handlerlaunch\bin\Debug\HandleGame\WMConsole.runtimeconfig.json
2024-11-06 13:04:55.446 - Copied file: G:\code\WebLaunch\handlerlaunch\bin\Debug\net9.0-windows10.0.17763.0\CoreLibLaunchSupport.dll to G:\code\WebLaunch\handlerlaunch\bin\Debug\HandleGame\CoreLibLaunchSupport.dll
2024-11-06 13:04:55.447 - Copied file: G:\code\WebLaunch\handlerlaunch\bin\Debug\net9.0-windows10.0.17763.0\SpinningWheelLib.dll to G:\code\WebLaunch\handlerlaunch\bin\Debug\HandleGame\SpinningWheelLib.dll
2024-11-06 13:04:55.448 - Copied file: G:\code\WebLaunch\handlerlaunch\bin\Debug\net9.0-windows10.0.17763.0\WpfAnimatedGif.dll to G:\code\WebLaunch\handlerlaunch\bin\Debug\HandleGame\WpfAnimatedGif.dll
2024-11-06 13:04:55.448 - Copied file: G:\code\WebLaunch\handlerlaunch\bin\Debug\net9.0-windows10.0.17763.0\XamlAnimatedGif.dll to G:\code\WebLaunch\handlerlaunch\bin\Debug\HandleGame\XamlAnimatedGif.dll
2024-11-06 13:04:55.449 - Copied file: G:\code\WebLaunch\handlerlaunch\bin\Debug\net9.0-windows10.0.17763.0\DotNetZip.dll to G:\code\WebLaunch\handlerlaunch\bin\Debug\HandleGame\DotNetZip.dll
2024-11-06 13:04:55.450 - Copied file: G:\code\WebLaunch\handlerlaunch\bin\Debug\net9.0-windows10.0.17763.0\Newtonsoft.Json.dll to G:\code\WebLaunch\handlerlaunch\bin\Debug\HandleGame\Newtonsoft.Json.dll
2024-11-06 13:04:55.450 - Copied file: G:\code\WebLaunch\handlerlaunch\bin\Debug\net9.0-windows10.0.17763.0\log4net.dll to G:\code\WebLaunch\handlerlaunch\bin\Debug\HandleGame\log4net.dll
2024-11-06 13:04:55.451 - Copied file: G:\code\WebLaunch\handlerlaunch\bin\Debug\net9.0-windows10.0.17763.0\Goblinfactory.Konsole.dll to G:\code\WebLaunch\handlerlaunch\bin\Debug\HandleGame\Goblinfactory.Konsole.dll
2024-11-06 13:04:55.452 - Copied file: G:\code\WebLaunch\handlerlaunch\bin\Debug\net9.0-windows10.0.17763.0\CommandLine.dll to G:\code\WebLaunch\handlerlaunch\bin\Debug\HandleGame\CommandLine.dll
2024-11-06 13:04:55.453 - Copied file: G:\code\WebLaunch\handlerlaunch\bin\Debug\net9.0-windows10.0.17763.0\Downloader.dll to G:\code\WebLaunch\handlerlaunch\bin\Debug\HandleGame\Downloader.dll
2024-11-06 13:04:55.453 - Copied file: G:\code\WebLaunch\handlerlaunch\bin\Debug\net9.0-windows10.0.17763.0\Facepunch.Steamworks.Win64.dll to G:\code\WebLaunch\handlerlaunch\bin\Debug\HandleGame\Facepunch.Steamworks.Win64.dll
2024-11-06 13:04:55.454 - Copied file: G:\code\WebLaunch\handlerlaunch\bin\Debug\net9.0-windows10.0.17763.0\LibDalamud.dll to G:\code\WebLaunch\handlerlaunch\bin\Debug\HandleGame\LibDalamud.dll
2024-11-06 13:04:55.454 - Copied file: G:\code\WebLaunch\handlerlaunch\bin\Debug\net9.0-windows10.0.17763.0\Mono.Nat.dll to G:\code\WebLaunch\handlerlaunch\bin\Debug\HandleGame\Mono.Nat.dll
2024-11-06 13:04:55.455 - Copied file: G:\code\WebLaunch\handlerlaunch\bin\Debug\net9.0-windows10.0.17763.0\MonoTorrent.dll to G:\code\WebLaunch\handlerlaunch\bin\Debug\HandleGame\MonoTorrent.dll
2024-11-06 13:04:55.455 - Copied file: G:\code\WebLaunch\handlerlaunch\bin\Debug\net9.0-windows10.0.17763.0\ReusableTasks.dll to G:\code\WebLaunch\handlerlaunch\bin\Debug\HandleGame\ReusableTasks.dll
2024-11-06 13:04:55.456 - Copied file: G:\code\WebLaunch\handlerlaunch\bin\Debug\net9.0-windows10.0.17763.0\Serilog.dll to G:\code\WebLaunch\handlerlaunch\bin\Debug\HandleGame\Serilog.dll
2024-11-06 13:04:55.456 - Copied file: G:\code\WebLaunch\handlerlaunch\bin\Debug\net9.0-windows10.0.17763.0\SharedMemory.dll to G:\code\WebLaunch\handlerlaunch\bin\Debug\HandleGame\SharedMemory.dll
2024-11-06 13:04:55.456 - Copied file: G:\code\WebLaunch\handlerlaunch\bin\Debug\net9.0-windows10.0.17763.0\Microsoft.Toolkit.Uwp.Notifications.dll to G:\code\WebLaunch\handlerlaunch\bin\Debug\HandleGame\Microsoft.Toolkit.Uwp.Notifications.dll
2024-11-06 13:04:55.463 - Copied file: G:\code\WebLaunch\handlerlaunch\bin\Debug\net9.0-windows10.0.17763.0\Microsoft.Windows.SDK.NET.dll to G:\code\WebLaunch\handlerlaunch\bin\Debug\HandleGame\Microsoft.Windows.SDK.NET.dll
2024-11-06 13:04:55.464 - Copied file: G:\code\WebLaunch\handlerlaunch\bin\Debug\net9.0-windows10.0.17763.0\WinRT.Runtime.dll to G:\code\WebLaunch\handlerlaunch\bin\Debug\HandleGame\WinRT.Runtime.dll
2024-11-06 13:04:55.464 - Entering RegisterProtocolHandler method
2024-11-06 13:04:55.465 - Entering GetInstallPath method
2024-11-06 13:04:55.465 - Registered protocol handler with command: G:\code\WebLaunch\handlerlaunch\bin\Debug\HandleGame\WMConsole.exe %1
2024-11-06 13:04:55.465 - Received arguments: ?debugtest=yes-type=autoclose
2024-11-06 13:04:55.475 - Showing message box
2024-11-06 13:04:55.475 - Message box initialized
2024-11-06 13:10:35.648 - Application started
2024-11-06 13:10:35.667 - Showing notification: Application Started - Initializing launcher...
2024-11-06 13:10:35.808 - Entering CopyFiles method
2024-11-06 13:10:35.808 - Entering GetInstallPath method
2024-11-06 13:10:35.808 - Executable path: G:\code\WebLaunch\handlerlaunch\bin\Debug\net9.0-windows10.0.17763.0\WMconsole.dll
2024-11-06 13:10:35.809 - Current directory: G:\code\WebLaunch\handlerlaunch\bin\Debug\net9.0-windows10.0.17763.0
2024-11-06 13:10:35.809 - Parent directory: G:\code\WebLaunch\handlerlaunch\bin\Debug
2024-11-06 13:10:35.809 - Using parent directory for install: G:\code\WebLaunch\handlerlaunch\bin\Debug\HandleGame
2024-11-06 13:10:35.809 - Created install directory: G:\code\WebLaunch\handlerlaunch\bin\Debug\HandleGame
2024-11-06 13:10:35.809 - Base directory: G:\code\WebLaunch\handlerlaunch\bin\Debug\net9.0-windows10.0.17763.0
2024-11-06 13:10:35.810 - Copied file: G:\code\WebLaunch\handlerlaunch\bin\Debug\net9.0-windows10.0.17763.0\WMconsole.dll to G:\code\WebLaunch\handlerlaunch\bin\Debug\HandleGame\WMconsole.dll
2024-11-06 13:10:35.812 - Copied file: G:\code\WebLaunch\handlerlaunch\bin\Debug\net9.0-windows10.0.17763.0\WMConsole.exe to G:\code\WebLaunch\handlerlaunch\bin\Debug\HandleGame\WMConsole.exe
2024-11-06 13:10:35.813 - Copied file: G:\code\WebLaunch\handlerlaunch\bin\Debug\net9.0-windows10.0.17763.0\WMConsole.runtimeconfig.json to G:\code\WebLaunch\handlerlaunch\bin\Debug\HandleGame\WMConsole.runtimeconfig.json
2024-11-06 13:10:35.814 - Copied file: G:\code\WebLaunch\handlerlaunch\bin\Debug\net9.0-windows10.0.17763.0\CoreLibLaunchSupport.dll to G:\code\WebLaunch\handlerlaunch\bin\Debug\HandleGame\CoreLibLaunchSupport.dll
2024-11-06 13:10:35.815 - Copied file: G:\code\WebLaunch\handlerlaunch\bin\Debug\net9.0-windows10.0.17763.0\SpinningWheelLib.dll to G:\code\WebLaunch\handlerlaunch\bin\Debug\HandleGame\SpinningWheelLib.dll
2024-11-06 13:10:35.816 - Copied file: G:\code\WebLaunch\handlerlaunch\bin\Debug\net9.0-windows10.0.17763.0\WpfAnimatedGif.dll to G:\code\WebLaunch\handlerlaunch\bin\Debug\HandleGame\WpfAnimatedGif.dll
2024-11-06 13:10:35.816 - Copied file: G:\code\WebLaunch\handlerlaunch\bin\Debug\net9.0-windows10.0.17763.0\XamlAnimatedGif.dll to G:\code\WebLaunch\handlerlaunch\bin\Debug\HandleGame\XamlAnimatedGif.dll
2024-11-06 13:10:35.817 - Copied file: G:\code\WebLaunch\handlerlaunch\bin\Debug\net9.0-windows10.0.17763.0\DotNetZip.dll to G:\code\WebLaunch\handlerlaunch\bin\Debug\HandleGame\DotNetZip.dll
2024-11-06 13:10:35.818 - Copied file: G:\code\WebLaunch\handlerlaunch\bin\Debug\net9.0-windows10.0.17763.0\Newtonsoft.Json.dll to G:\code\WebLaunch\handlerlaunch\bin\Debug\HandleGame\Newtonsoft.Json.dll
2024-11-06 13:10:35.819 - Copied file: G:\code\WebLaunch\handlerlaunch\bin\Debug\net9.0-windows10.0.17763.0\log4net.dll to G:\code\WebLaunch\handlerlaunch\bin\Debug\HandleGame\log4net.dll
2024-11-06 13:10:35.819 - Copied file: G:\code\WebLaunch\handlerlaunch\bin\Debug\net9.0-windows10.0.17763.0\Goblinfactory.Konsole.dll to G:\code\WebLaunch\handlerlaunch\bin\Debug\HandleGame\Goblinfactory.Konsole.dll
2024-11-06 13:10:35.820 - Copied file: G:\code\WebLaunch\handlerlaunch\bin\Debug\net9.0-windows10.0.17763.0\CommandLine.dll to G:\code\WebLaunch\handlerlaunch\bin\Debug\HandleGame\CommandLine.dll
2024-11-06 13:10:35.821 - Copied file: G:\code\WebLaunch\handlerlaunch\bin\Debug\net9.0-windows10.0.17763.0\Downloader.dll to G:\code\WebLaunch\handlerlaunch\bin\Debug\HandleGame\Downloader.dll
2024-11-06 13:10:35.821 - Copied file: G:\code\WebLaunch\handlerlaunch\bin\Debug\net9.0-windows10.0.17763.0\Facepunch.Steamworks.Win64.dll to G:\code\WebLaunch\handlerlaunch\bin\Debug\HandleGame\Facepunch.Steamworks.Win64.dll
2024-11-06 13:10:35.822 - Copied file: G:\code\WebLaunch\handlerlaunch\bin\Debug\net9.0-windows10.0.17763.0\LibDalamud.dll to G:\code\WebLaunch\handlerlaunch\bin\Debug\HandleGame\LibDalamud.dll
2024-11-06 13:10:35.822 - Copied file: G:\code\WebLaunch\handlerlaunch\bin\Debug\net9.0-windows10.0.17763.0\Mono.Nat.dll to G:\code\WebLaunch\handlerlaunch\bin\Debug\HandleGame\Mono.Nat.dll
2024-11-06 13:10:35.823 - Copied file: G:\code\WebLaunch\handlerlaunch\bin\Debug\net9.0-windows10.0.17763.0\MonoTorrent.dll to G:\code\WebLaunch\handlerlaunch\bin\Debug\HandleGame\MonoTorrent.dll
2024-11-06 13:10:35.824 - Copied file: G:\code\WebLaunch\handlerlaunch\bin\Debug\net9.0-windows10.0.17763.0\ReusableTasks.dll to G:\code\WebLaunch\handlerlaunch\bin\Debug\HandleGame\ReusableTasks.dll
2024-11-06 13:10:35.824 - Copied file: G:\code\WebLaunch\handlerlaunch\bin\Debug\net9.0-windows10.0.17763.0\Serilog.dll to G:\code\WebLaunch\handlerlaunch\bin\Debug\HandleGame\Serilog.dll
2024-11-06 13:10:35.825 - Copied file: G:\code\WebLaunch\handlerlaunch\bin\Debug\net9.0-windows10.0.17763.0\SharedMemory.dll to G:\code\WebLaunch\handlerlaunch\bin\Debug\HandleGame\SharedMemory.dll
2024-11-06 13:10:35.825 - Copied file: G:\code\WebLaunch\handlerlaunch\bin\Debug\net9.0-windows10.0.17763.0\Microsoft.Toolkit.Uwp.Notifications.dll to G:\code\WebLaunch\handlerlaunch\bin\Debug\HandleGame\Microsoft.Toolkit.Uwp.Notifications.dll
2024-11-06 13:10:35.834 - Copied file: G:\code\WebLaunch\handlerlaunch\bin\Debug\net9.0-windows10.0.17763.0\Microsoft.Windows.SDK.NET.dll to G:\code\WebLaunch\handlerlaunch\bin\Debug\HandleGame\Microsoft.Windows.SDK.NET.dll
2024-11-06 13:10:35.836 - Copied file: G:\code\WebLaunch\handlerlaunch\bin\Debug\net9.0-windows10.0.17763.0\WinRT.Runtime.dll to G:\code\WebLaunch\handlerlaunch\bin\Debug\HandleGame\WinRT.Runtime.dll
2024-11-06 13:10:35.837 - Entering RegisterProtocolHandler method
2024-11-06 13:10:35.837 - Entering GetInstallPath method
2024-11-06 13:10:35.837 - Registered protocol handler with command: G:\code\WebLaunch\handlerlaunch\bin\Debug\HandleGame\WMConsole.exe %1
2024-11-06 13:10:35.837 - Received arguments: ?debugtest=yes-type=autoclose
2024-11-06 13:10:35.846 - Showing message box
2024-11-06 13:10:35.847 - Message box initialized
2024-11-06 13:12:56.500 - Application started
2024-11-06 13:12:56.521 - Showing notification: Application Started - Initializing launcher...
2024-11-06 13:12:56.665 - Entering CopyFiles method
2024-11-06 13:12:56.666 - Entering GetInstallPath method
2024-11-06 13:12:56.666 - Executable path: G:\code\WebLaunch\handlerlaunch\bin\Debug\net9.0-windows10.0.17763.0\WMconsole.dll
2024-11-06 13:12:56.667 - Current directory: G:\code\WebLaunch\handlerlaunch\bin\Debug\net9.0-windows10.0.17763.0
2024-11-06 13:12:56.667 - Parent directory: G:\code\WebLaunch\handlerlaunch\bin\Debug
2024-11-06 13:12:56.667 - Using parent directory for install: G:\code\WebLaunch\handlerlaunch\bin\Debug\HandleGame
2024-11-06 13:12:56.667 - Created install directory: G:\code\WebLaunch\handlerlaunch\bin\Debug\HandleGame
2024-11-06 13:12:56.667 - Base directory: G:\code\WebLaunch\handlerlaunch\bin\Debug\net9.0-windows10.0.17763.0
2024-11-06 13:12:56.669 - Copied file: G:\code\WebLaunch\handlerlaunch\bin\Debug\net9.0-windows10.0.17763.0\WMconsole.dll to G:\code\WebLaunch\handlerlaunch\bin\Debug\HandleGame\WMconsole.dll
2024-11-06 13:12:56.670 - Copied file: G:\code\WebLaunch\handlerlaunch\bin\Debug\net9.0-windows10.0.17763.0\WMConsole.exe to G:\code\WebLaunch\handlerlaunch\bin\Debug\HandleGame\WMConsole.exe
2024-11-06 13:12:56.670 - Copied file: G:\code\WebLaunch\handlerlaunch\bin\Debug\net9.0-windows10.0.17763.0\WMConsole.runtimeconfig.json to G:\code\WebLaunch\handlerlaunch\bin\Debug\HandleGame\WMConsole.runtimeconfig.json
2024-11-06 13:12:56.671 - Copied file: G:\code\WebLaunch\handlerlaunch\bin\Debug\net9.0-windows10.0.17763.0\CoreLibLaunchSupport.dll to G:\code\WebLaunch\handlerlaunch\bin\Debug\HandleGame\CoreLibLaunchSupport.dll
2024-11-06 13:12:56.672 - Copied file: G:\code\WebLaunch\handlerlaunch\bin\Debug\net9.0-windows10.0.17763.0\SpinningWheelLib.dll to G:\code\WebLaunch\handlerlaunch\bin\Debug\HandleGame\SpinningWheelLib.dll
2024-11-06 13:12:56.673 - Copied file: G:\code\WebLaunch\handlerlaunch\bin\Debug\net9.0-windows10.0.17763.0\WpfAnimatedGif.dll to G:\code\WebLaunch\handlerlaunch\bin\Debug\HandleGame\WpfAnimatedGif.dll
2024-11-06 13:12:56.673 - Copied file: G:\code\WebLaunch\handlerlaunch\bin\Debug\net9.0-windows10.0.17763.0\XamlAnimatedGif.dll to G:\code\WebLaunch\handlerlaunch\bin\Debug\HandleGame\XamlAnimatedGif.dll
2024-11-06 13:12:56.673 - Copied file: G:\code\WebLaunch\handlerlaunch\bin\Debug\net9.0-windows10.0.17763.0\DotNetZip.dll to G:\code\WebLaunch\handlerlaunch\bin\Debug\HandleGame\DotNetZip.dll
2024-11-06 13:12:56.674 - Copied file: G:\code\WebLaunch\handlerlaunch\bin\Debug\net9.0-windows10.0.17763.0\Newtonsoft.Json.dll to G:\code\WebLaunch\handlerlaunch\bin\Debug\HandleGame\Newtonsoft.Json.dll
2024-11-06 13:12:56.675 - Copied file: G:\code\WebLaunch\handlerlaunch\bin\Debug\net9.0-windows10.0.17763.0\log4net.dll to G:\code\WebLaunch\handlerlaunch\bin\Debug\HandleGame\log4net.dll
2024-11-06 13:12:56.675 - Copied file: G:\code\WebLaunch\handlerlaunch\bin\Debug\net9.0-windows10.0.17763.0\Goblinfactory.Konsole.dll to G:\code\WebLaunch\handlerlaunch\bin\Debug\HandleGame\Goblinfactory.Konsole.dll
2024-11-06 13:12:56.676 - Copied file: G:\code\WebLaunch\handlerlaunch\bin\Debug\net9.0-windows10.0.17763.0\CommandLine.dll to G:\code\WebLaunch\handlerlaunch\bin\Debug\HandleGame\CommandLine.dll
2024-11-06 13:12:56.677 - Copied file: G:\code\WebLaunch\handlerlaunch\bin\Debug\net9.0-windows10.0.17763.0\Downloader.dll to G:\code\WebLaunch\handlerlaunch\bin\Debug\HandleGame\Downloader.dll
2024-11-06 13:12:56.677 - Copied file: G:\code\WebLaunch\handlerlaunch\bin\Debug\net9.0-windows10.0.17763.0\Facepunch.Steamworks.Win64.dll to G:\code\WebLaunch\handlerlaunch\bin\Debug\HandleGame\Facepunch.Steamworks.Win64.dll
2024-11-06 13:12:56.678 - Copied file: G:\code\WebLaunch\handlerlaunch\bin\Debug\net9.0-windows10.0.17763.0\LibDalamud.dll to G:\code\WebLaunch\handlerlaunch\bin\Debug\HandleGame\LibDalamud.dll
2024-11-06 13:12:56.678 - Copied file: G:\code\WebLaunch\handlerlaunch\bin\Debug\net9.0-windows10.0.17763.0\Mono.Nat.dll to G:\code\WebLaunch\handlerlaunch\bin\Debug\HandleGame\Mono.Nat.dll
2024-11-06 13:12:56.679 - Copied file: G:\code\WebLaunch\handlerlaunch\bin\Debug\net9.0-windows10.0.17763.0\MonoTorrent.dll to G:\code\WebLaunch\handlerlaunch\bin\Debug\HandleGame\MonoTorrent.dll
2024-11-06 13:12:56.679 - Copied file: G:\code\WebLaunch\handlerlaunch\bin\Debug\net9.0-windows10.0.17763.0\ReusableTasks.dll to G:\code\WebLaunch\handlerlaunch\bin\Debug\HandleGame\ReusableTasks.dll
2024-11-06 13:12:56.679 - Copied file: G:\code\WebLaunch\handlerlaunch\bin\Debug\net9.0-windows10.0.17763.0\Serilog.dll to G:\code\WebLaunch\handlerlaunch\bin\Debug\HandleGame\Serilog.dll
2024-11-06 13:12:56.680 - Copied file: G:\code\WebLaunch\handlerlaunch\bin\Debug\net9.0-windows10.0.17763.0\SharedMemory.dll to G:\code\WebLaunch\handlerlaunch\bin\Debug\HandleGame\SharedMemory.dll
2024-11-06 13:12:56.680 - Copied file: G:\code\WebLaunch\handlerlaunch\bin\Debug\net9.0-windows10.0.17763.0\Microsoft.Toolkit.Uwp.Notifications.dll to G:\code\WebLaunch\handlerlaunch\bin\Debug\HandleGame\Microsoft.Toolkit.Uwp.Notifications.dll
2024-11-06 13:12:56.690 - Copied file: G:\code\WebLaunch\handlerlaunch\bin\Debug\net9.0-windows10.0.17763.0\Microsoft.Windows.SDK.NET.dll to G:\code\WebLaunch\handlerlaunch\bin\Debug\HandleGame\Microsoft.Windows.SDK.NET.dll
2024-11-06 13:12:56.691 - Copied file: G:\code\WebLaunch\handlerlaunch\bin\Debug\net9.0-windows10.0.17763.0\WinRT.Runtime.dll to G:\code\WebLaunch\handlerlaunch\bin\Debug\HandleGame\WinRT.Runtime.dll
2024-11-06 13:12:56.692 - Entering RegisterProtocolHandler method
2024-11-06 13:12:56.692 - Entering GetInstallPath method
2024-11-06 13:12:56.692 - Registered protocol handler with command: G:\code\WebLaunch\handlerlaunch\bin\Debug\HandleGame\WMConsole.exe %1
2024-11-06 13:12:56.692 - Received arguments: ?debugtest=yes-type=autoclose
2024-11-06 13:12:56.700 - Showing message box
2024-11-06 13:12:56.701 - Message box initialized
2024-11-06 13:13:36.208 - Application started
2024-11-06 13:13:36.228 - Showing notification: Application Started - Initializing launcher...
2024-11-06 13:13:36.377 - Entering CopyFiles method
2024-11-06 13:13:36.378 - Entering GetInstallPath method
2024-11-06 13:13:36.378 - Executable path: G:\code\WebLaunch\handlerlaunch\bin\Debug\net9.0-windows10.0.17763.0\WMconsole.dll
2024-11-06 13:13:36.378 - Current directory: G:\code\WebLaunch\handlerlaunch\bin\Debug\net9.0-windows10.0.17763.0
2024-11-06 13:13:36.379 - Parent directory: G:\code\WebLaunch\handlerlaunch\bin\Debug
2024-11-06 13:13:36.379 - Using parent directory for install: G:\code\WebLaunch\handlerlaunch\bin\Debug\HandleGame
2024-11-06 13:13:36.380 - Created install directory: G:\code\WebLaunch\handlerlaunch\bin\Debug\HandleGame
2024-11-06 13:13:36.380 - Base directory: G:\code\WebLaunch\handlerlaunch\bin\Debug\net9.0-windows10.0.17763.0
2024-11-06 13:13:36.381 - Copied file: G:\code\WebLaunch\handlerlaunch\bin\Debug\net9.0-windows10.0.17763.0\WMconsole.dll to G:\code\WebLaunch\handlerlaunch\bin\Debug\HandleGame\WMconsole.dll
2024-11-06 13:13:36.383 - Copied file: G:\code\WebLaunch\handlerlaunch\bin\Debug\net9.0-windows10.0.17763.0\WMConsole.exe to G:\code\WebLaunch\handlerlaunch\bin\Debug\HandleGame\WMConsole.exe
2024-11-06 13:13:36.384 - Copied file: G:\code\WebLaunch\handlerlaunch\bin\Debug\net9.0-windows10.0.17763.0\WMConsole.runtimeconfig.json to G:\code\WebLaunch\handlerlaunch\bin\Debug\HandleGame\WMConsole.runtimeconfig.json
2024-11-06 13:13:36.385 - Copied file: G:\code\WebLaunch\handlerlaunch\bin\Debug\net9.0-windows10.0.17763.0\CoreLibLaunchSupport.dll to G:\code\WebLaunch\handlerlaunch\bin\Debug\HandleGame\CoreLibLaunchSupport.dll
2024-11-06 13:13:36.387 - Copied file: G:\code\WebLaunch\handlerlaunch\bin\Debug\net9.0-windows10.0.17763.0\SpinningWheelLib.dll to G:\code\WebLaunch\handlerlaunch\bin\Debug\HandleGame\SpinningWheelLib.dll
2024-11-06 13:13:36.388 - Copied file: G:\code\WebLaunch\handlerlaunch\bin\Debug\net9.0-windows10.0.17763.0\WpfAnimatedGif.dll to G:\code\WebLaunch\handlerlaunch\bin\Debug\HandleGame\WpfAnimatedGif.dll
2024-11-06 13:13:36.389 - Copied file: G:\code\WebLaunch\handlerlaunch\bin\Debug\net9.0-windows10.0.17763.0\XamlAnimatedGif.dll to G:\code\WebLaunch\handlerlaunch\bin\Debug\HandleGame\XamlAnimatedGif.dll
2024-11-06 13:13:36.390 - Copied file: G:\code\WebLaunch\handlerlaunch\bin\Debug\net9.0-windows10.0.17763.0\DotNetZip.dll to G:\code\WebLaunch\handlerlaunch\bin\Debug\HandleGame\DotNetZip.dll
2024-11-06 13:13:36.391 - Copied file: G:\code\WebLaunch\handlerlaunch\bin\Debug\net9.0-windows10.0.17763.0\Newtonsoft.Json.dll to G:\code\WebLaunch\handlerlaunch\bin\Debug\HandleGame\Newtonsoft.Json.dll
2024-11-06 13:13:36.392 - Copied file: G:\code\WebLaunch\handlerlaunch\bin\Debug\net9.0-windows10.0.17763.0\log4net.dll to G:\code\WebLaunch\handlerlaunch\bin\Debug\HandleGame\log4net.dll
2024-11-06 13:13:36.393 - Copied file: G:\code\WebLaunch\handlerlaunch\bin\Debug\net9.0-windows10.0.17763.0\Goblinfactory.Konsole.dll to G:\code\WebLaunch\handlerlaunch\bin\Debug\HandleGame\Goblinfactory.Konsole.dll
2024-11-06 13:13:36.394 - Copied file: G:\code\WebLaunch\handlerlaunch\bin\Debug\net9.0-windows10.0.17763.0\CommandLine.dll to G:\code\WebLaunch\handlerlaunch\bin\Debug\HandleGame\CommandLine.dll
2024-11-06 13:13:36.395 - Copied file: G:\code\WebLaunch\handlerlaunch\bin\Debug\net9.0-windows10.0.17763.0\Downloader.dll to G:\code\WebLaunch\handlerlaunch\bin\Debug\HandleGame\Downloader.dll
2024-11-06 13:13:36.396 - Copied file: G:\code\WebLaunch\handlerlaunch\bin\Debug\net9.0-windows10.0.17763.0\Facepunch.Steamworks.Win64.dll to G:\code\WebLaunch\handlerlaunch\bin\Debug\HandleGame\Facepunch.Steamworks.Win64.dll
2024-11-06 13:13:36.397 - Copied file: G:\code\WebLaunch\handlerlaunch\bin\Debug\net9.0-windows10.0.17763.0\LibDalamud.dll to G:\code\WebLaunch\handlerlaunch\bin\Debug\HandleGame\LibDalamud.dll
2024-11-06 13:13:36.398 - Copied file: G:\code\WebLaunch\handlerlaunch\bin\Debug\net9.0-windows10.0.17763.0\Mono.Nat.dll to G:\code\WebLaunch\handlerlaunch\bin\Debug\HandleGame\Mono.Nat.dll
2024-11-06 13:13:36.399 - Copied file: G:\code\WebLaunch\handlerlaunch\bin\Debug\net9.0-windows10.0.17763.0\MonoTorrent.dll to G:\code\WebLaunch\handlerlaunch\bin\Debug\HandleGame\MonoTorrent.dll
2024-11-06 13:13:36.400 - Copied file: G:\code\WebLaunch\handlerlaunch\bin\Debug\net9.0-windows10.0.17763.0\ReusableTasks.dll to G:\code\WebLaunch\handlerlaunch\bin\Debug\HandleGame\ReusableTasks.dll
2024-11-06 13:13:36.400 - Copied file: G:\code\WebLaunch\handlerlaunch\bin\Debug\net9.0-windows10.0.17763.0\Serilog.dll to G:\code\WebLaunch\handlerlaunch\bin\Debug\HandleGame\Serilog.dll
2024-11-06 13:13:36.401 - Copied file: G:\code\WebLaunch\handlerlaunch\bin\Debug\net9.0-windows10.0.17763.0\SharedMemory.dll to G:\code\WebLaunch\handlerlaunch\bin\Debug\HandleGame\SharedMemory.dll
2024-11-06 13:13:36.401 - Copied file: G:\code\WebLaunch\handlerlaunch\bin\Debug\net9.0-windows10.0.17763.0\Microsoft.Toolkit.Uwp.Notifications.dll to G:\code\WebLaunch\handlerlaunch\bin\Debug\HandleGame\Microsoft.Toolkit.Uwp.Notifications.dll
2024-11-06 13:13:36.410 - Copied file: G:\code\WebLaunch\handlerlaunch\bin\Debug\net9.0-windows10.0.17763.0\Microsoft.Windows.SDK.NET.dll to G:\code\WebLaunch\handlerlaunch\bin\Debug\HandleGame\Microsoft.Windows.SDK.NET.dll
2024-11-06 13:13:36.412 - Copied file: G:\code\WebLaunch\handlerlaunch\bin\Debug\net9.0-windows10.0.17763.0\WinRT.Runtime.dll to G:\code\WebLaunch\handlerlaunch\bin\Debug\HandleGame\WinRT.Runtime.dll
2024-11-06 13:13:36.412 - Entering RegisterProtocolHandler method
2024-11-06 13:13:36.412 - Entering GetInstallPath method
2024-11-06 13:13:36.412 - Registered protocol handler with command: G:\code\WebLaunch\handlerlaunch\bin\Debug\HandleGame\WMConsole.exe %1
2024-11-06 13:13:36.413 - Received arguments: ?debugtest=yes-type=autoclose
2024-11-06 13:13:36.423 - Showing message box
2024-11-06 13:13:36.424 - Message box initialized
2024-11-06 13:14:16.422 - Application started
2024-11-06 13:14:16.441 - Showing notification: Application Started - Initializing launcher...
2024-11-06 13:14:16.580 - Entering CopyFiles method
2024-11-06 13:14:16.581 - Entering GetInstallPath method
2024-11-06 13:14:16.581 - Executable path: G:\code\WebLaunch\handlerlaunch\bin\Debug\net9.0-windows10.0.17763.0\WMconsole.dll
2024-11-06 13:14:16.581 - Current directory: G:\code\WebLaunch\handlerlaunch\bin\Debug\net9.0-windows10.0.17763.0
2024-11-06 13:14:16.581 - Parent directory: G:\code\WebLaunch\handlerlaunch\bin\Debug
2024-11-06 13:14:16.581 - Using parent directory for install: G:\code\WebLaunch\handlerlaunch\bin\Debug\HandleGame
2024-11-06 13:14:16.582 - Created install directory: G:\code\WebLaunch\handlerlaunch\bin\Debug\HandleGame
2024-11-06 13:14:16.582 - Base directory: G:\code\WebLaunch\handlerlaunch\bin\Debug\net9.0-windows10.0.17763.0
2024-11-06 13:14:16.582 - Copied file: G:\code\WebLaunch\handlerlaunch\bin\Debug\net9.0-windows10.0.17763.0\WMconsole.dll to G:\code\WebLaunch\handlerlaunch\bin\Debug\HandleGame\WMconsole.dll
2024-11-06 13:14:16.583 - Copied file: G:\code\WebLaunch\handlerlaunch\bin\Debug\net9.0-windows10.0.17763.0\WMConsole.exe to G:\code\WebLaunch\handlerlaunch\bin\Debug\HandleGame\WMConsole.exe
2024-11-06 13:14:16.584 - Copied file: G:\code\WebLaunch\handlerlaunch\bin\Debug\net9.0-windows10.0.17763.0\WMConsole.runtimeconfig.json to G:\code\WebLaunch\handlerlaunch\bin\Debug\HandleGame\WMConsole.runtimeconfig.json
2024-11-06 13:14:16.584 - Copied file: G:\code\WebLaunch\handlerlaunch\bin\Debug\net9.0-windows10.0.17763.0\CoreLibLaunchSupport.dll to G:\code\WebLaunch\handlerlaunch\bin\Debug\HandleGame\CoreLibLaunchSupport.dll
2024-11-06 13:14:16.586 - Copied file: G:\code\WebLaunch\handlerlaunch\bin\Debug\net9.0-windows10.0.17763.0\SpinningWheelLib.dll to G:\code\WebLaunch\handlerlaunch\bin\Debug\HandleGame\SpinningWheelLib.dll
2024-11-06 13:14:16.586 - Copied file: G:\code\WebLaunch\handlerlaunch\bin\Debug\net9.0-windows10.0.17763.0\WpfAnimatedGif.dll to G:\code\WebLaunch\handlerlaunch\bin\Debug\HandleGame\WpfAnimatedGif.dll
2024-11-06 13:14:16.587 - Copied file: G:\code\WebLaunch\handlerlaunch\bin\Debug\net9.0-windows10.0.17763.0\XamlAnimatedGif.dll to G:\code\WebLaunch\handlerlaunch\bin\Debug\HandleGame\XamlAnimatedGif.dll
2024-11-06 13:14:16.587 - Copied file: G:\code\WebLaunch\handlerlaunch\bin\Debug\net9.0-windows10.0.17763.0\DotNetZip.dll to G:\code\WebLaunch\handlerlaunch\bin\Debug\HandleGame\DotNetZip.dll
2024-11-06 13:14:16.588 - Copied file: G:\code\WebLaunch\handlerlaunch\bin\Debug\net9.0-windows10.0.17763.0\Newtonsoft.Json.dll to G:\code\WebLaunch\handlerlaunch\bin\Debug\HandleGame\Newtonsoft.Json.dll
2024-11-06 13:14:16.588 - Copied file: G:\code\WebLaunch\handlerlaunch\bin\Debug\net9.0-windows10.0.17763.0\log4net.dll to G:\code\WebLaunch\handlerlaunch\bin\Debug\HandleGame\log4net.dll
2024-11-06 13:14:16.589 - Copied file: G:\code\WebLaunch\handlerlaunch\bin\Debug\net9.0-windows10.0.17763.0\Goblinfactory.Konsole.dll to G:\code\WebLaunch\handlerlaunch\bin\Debug\HandleGame\Goblinfactory.Konsole.dll
2024-11-06 13:14:16.589 - Copied file: G:\code\WebLaunch\handlerlaunch\bin\Debug\net9.0-windows10.0.17763.0\CommandLine.dll to G:\code\WebLaunch\handlerlaunch\bin\Debug\HandleGame\CommandLine.dll
2024-11-06 13:14:16.590 - Copied file: G:\code\WebLaunch\handlerlaunch\bin\Debug\net9.0-windows10.0.17763.0\Downloader.dll to G:\code\WebLaunch\handlerlaunch\bin\Debug\HandleGame\Downloader.dll
2024-11-06 13:14:16.591 - Copied file: G:\code\WebLaunch\handlerlaunch\bin\Debug\net9.0-windows10.0.17763.0\Facepunch.Steamworks.Win64.dll to G:\code\WebLaunch\handlerlaunch\bin\Debug\HandleGame\Facepunch.Steamworks.Win64.dll
2024-11-06 13:14:16.591 - Copied file: G:\code\WebLaunch\handlerlaunch\bin\Debug\net9.0-windows10.0.17763.0\LibDalamud.dll to G:\code\WebLaunch\handlerlaunch\bin\Debug\HandleGame\LibDalamud.dll
2024-11-06 13:14:16.592 - Copied file: G:\code\WebLaunch\handlerlaunch\bin\Debug\net9.0-windows10.0.17763.0\Mono.Nat.dll to G:\code\WebLaunch\handlerlaunch\bin\Debug\HandleGame\Mono.Nat.dll
2024-11-06 13:14:16.593 - Copied file: G:\code\WebLaunch\handlerlaunch\bin\Debug\net9.0-windows10.0.17763.0\MonoTorrent.dll to G:\code\WebLaunch\handlerlaunch\bin\Debug\HandleGame\MonoTorrent.dll
2024-11-06 13:14:16.593 - Copied file: G:\code\WebLaunch\handlerlaunch\bin\Debug\net9.0-windows10.0.17763.0\ReusableTasks.dll to G:\code\WebLaunch\handlerlaunch\bin\Debug\HandleGame\ReusableTasks.dll
2024-11-06 13:14:16.593 - Copied file: G:\code\WebLaunch\handlerlaunch\bin\Debug\net9.0-windows10.0.17763.0\Serilog.dll to G:\code\WebLaunch\handlerlaunch\bin\Debug\HandleGame\Serilog.dll
2024-11-06 13:14:16.594 - Copied file: G:\code\WebLaunch\handlerlaunch\bin\Debug\net9.0-windows10.0.17763.0\SharedMemory.dll to G:\code\WebLaunch\handlerlaunch\bin\Debug\HandleGame\SharedMemory.dll
2024-11-06 13:14:16.594 - Copied file: G:\code\WebLaunch\handlerlaunch\bin\Debug\net9.0-windows10.0.17763.0\Microsoft.Toolkit.Uwp.Notifications.dll to G:\code\WebLaunch\handlerlaunch\bin\Debug\HandleGame\Microsoft.Toolkit.Uwp.Notifications.dll
2024-11-06 13:14:16.603 - Copied file: G:\code\WebLaunch\handlerlaunch\bin\Debug\net9.0-windows10.0.17763.0\Microsoft.Windows.SDK.NET.dll to G:\code\WebLaunch\handlerlaunch\bin\Debug\HandleGame\Microsoft.Windows.SDK.NET.dll
2024-11-06 13:14:16.604 - Copied file: G:\code\WebLaunch\handlerlaunch\bin\Debug\net9.0-windows10.0.17763.0\WinRT.Runtime.dll to G:\code\WebLaunch\handlerlaunch\bin\Debug\HandleGame\WinRT.Runtime.dll
2024-11-06 13:14:16.605 - Entering RegisterProtocolHandler method
2024-11-06 13:14:16.605 - Entering GetInstallPath method
2024-11-06 13:14:16.605 - Registered protocol handler with command: G:\code\WebLaunch\handlerlaunch\bin\Debug\HandleGame\WMConsole.exe %1
2024-11-06 13:14:16.606 - Received arguments: ?debugtest=yes-type=autoclose
2024-11-06 13:14:16.615 - Showing message box
2024-11-06 13:14:16.616 - Message box initialized
2024-11-06 13:14:27.838 - Application started
2024-11-06 13:14:27.858 - Showing notification: Application Started - Initializing launcher...
2024-11-06 13:14:28.018 - Entering CopyFiles method
2024-11-06 13:14:28.019 - Entering GetInstallPath method
2024-11-06 13:14:28.019 - Executable path: G:\code\WebLaunch\handlerlaunch\bin\Debug\net9.0-windows10.0.17763.0\WMconsole.dll
2024-11-06 13:14:28.019 - Current directory: G:\code\WebLaunch\handlerlaunch\bin\Debug\net9.0-windows10.0.17763.0
2024-11-06 13:14:28.020 - Parent directory: G:\code\WebLaunch\handlerlaunch\bin\Debug
2024-11-06 13:14:28.020 - Using parent directory for install: G:\code\WebLaunch\handlerlaunch\bin\Debug\HandleGame
2024-11-06 13:14:28.020 - Created install directory: G:\code\WebLaunch\handlerlaunch\bin\Debug\HandleGame
2024-11-06 13:14:28.021 - Base directory: G:\code\WebLaunch\handlerlaunch\bin\Debug\net9.0-windows10.0.17763.0
2024-11-06 13:14:28.023 - Copied file: G:\code\WebLaunch\handlerlaunch\bin\Debug\net9.0-windows10.0.17763.0\WMconsole.dll to G:\code\WebLaunch\handlerlaunch\bin\Debug\HandleGame\WMconsole.dll
2024-11-06 13:14:28.024 - Copied file: G:\code\WebLaunch\handlerlaunch\bin\Debug\net9.0-windows10.0.17763.0\WMConsole.exe to G:\code\WebLaunch\handlerlaunch\bin\Debug\HandleGame\WMConsole.exe
2024-11-06 13:14:28.025 - Copied file: G:\code\WebLaunch\handlerlaunch\bin\Debug\net9.0-windows10.0.17763.0\WMConsole.runtimeconfig.json to G:\code\WebLaunch\handlerlaunch\bin\Debug\HandleGame\WMConsole.runtimeconfig.json
2024-11-06 13:14:28.026 - Copied file: G:\code\WebLaunch\handlerlaunch\bin\Debug\net9.0-windows10.0.17763.0\CoreLibLaunchSupport.dll to G:\code\WebLaunch\handlerlaunch\bin\Debug\HandleGame\CoreLibLaunchSupport.dll
2024-11-06 13:14:28.029 - Copied file: G:\code\WebLaunch\handlerlaunch\bin\Debug\net9.0-windows10.0.17763.0\SpinningWheelLib.dll to G:\code\WebLaunch\handlerlaunch\bin\Debug\HandleGame\SpinningWheelLib.dll
2024-11-06 13:14:28.029 - Copied file: G:\code\WebLaunch\handlerlaunch\bin\Debug\net9.0-windows10.0.17763.0\WpfAnimatedGif.dll to G:\code\WebLaunch\handlerlaunch\bin\Debug\HandleGame\WpfAnimatedGif.dll
2024-11-06 13:14:28.030 - Copied file: G:\code\WebLaunch\handlerlaunch\bin\Debug\net9.0-windows10.0.17763.0\XamlAnimatedGif.dll to G:\code\WebLaunch\handlerlaunch\bin\Debug\HandleGame\XamlAnimatedGif.dll
2024-11-06 13:14:28.031 - Copied file: G:\code\WebLaunch\handlerlaunch\bin\Debug\net9.0-windows10.0.17763.0\DotNetZip.dll to G:\code\WebLaunch\handlerlaunch\bin\Debug\HandleGame\DotNetZip.dll
2024-11-06 13:14:28.032 - Copied file: G:\code\WebLaunch\handlerlaunch\bin\Debug\net9.0-windows10.0.17763.0\Newtonsoft.Json.dll to G:\code\WebLaunch\handlerlaunch\bin\Debug\HandleGame\Newtonsoft.Json.dll
2024-11-06 13:14:28.032 - Copied file: G:\code\WebLaunch\handlerlaunch\bin\Debug\net9.0-windows10.0.17763.0\log4net.dll to G:\code\WebLaunch\handlerlaunch\bin\Debug\HandleGame\log4net.dll
2024-11-06 13:14:28.033 - Copied file: G:\code\WebLaunch\handlerlaunch\bin\Debug\net9.0-windows10.0.17763.0\Goblinfactory.Konsole.dll to G:\code\WebLaunch\handlerlaunch\bin\Debug\HandleGame\Goblinfactory.Konsole.dll
2024-11-06 13:14:28.034 - Copied file: G:\code\WebLaunch\handlerlaunch\bin\Debug\net9.0-windows10.0.17763.0\CommandLine.dll to G:\code\WebLaunch\handlerlaunch\bin\Debug\HandleGame\CommandLine.dll
2024-11-06 13:14:28.036 - Copied file: G:\code\WebLaunch\handlerlaunch\bin\Debug\net9.0-windows10.0.17763.0\Downloader.dll to G:\code\WebLaunch\handlerlaunch\bin\Debug\HandleGame\Downloader.dll
2024-11-06 13:14:28.036 - Copied file: G:\code\WebLaunch\handlerlaunch\bin\Debug\net9.0-windows10.0.17763.0\Facepunch.Steamworks.Win64.dll to G:\code\WebLaunch\handlerlaunch\bin\Debug\HandleGame\Facepunch.Steamworks.Win64.dll
2024-11-06 13:14:28.037 - Copied file: G:\code\WebLaunch\handlerlaunch\bin\Debug\net9.0-windows10.0.17763.0\LibDalamud.dll to G:\code\WebLaunch\handlerlaunch\bin\Debug\HandleGame\LibDalamud.dll
2024-11-06 13:14:28.038 - Copied file: G:\code\WebLaunch\handlerlaunch\bin\Debug\net9.0-windows10.0.17763.0\Mono.Nat.dll to G:\code\WebLaunch\handlerlaunch\bin\Debug\HandleGame\Mono.Nat.dll
2024-11-06 13:14:28.039 - Copied file: G:\code\WebLaunch\handlerlaunch\bin\Debug\net9.0-windows10.0.17763.0\MonoTorrent.dll to G:\code\WebLaunch\handlerlaunch\bin\Debug\HandleGame\MonoTorrent.dll
2024-11-06 13:14:28.040 - Copied file: G:\code\WebLaunch\handlerlaunch\bin\Debug\net9.0-windows10.0.17763.0\ReusableTasks.dll to G:\code\WebLaunch\handlerlaunch\bin\Debug\HandleGame\ReusableTasks.dll
2024-11-06 13:14:28.040 - Copied file: G:\code\WebLaunch\handlerlaunch\bin\Debug\net9.0-windows10.0.17763.0\Serilog.dll to G:\code\WebLaunch\handlerlaunch\bin\Debug\HandleGame\Serilog.dll
2024-11-06 13:14:28.042 - Copied file: G:\code\WebLaunch\handlerlaunch\bin\Debug\net9.0-windows10.0.17763.0\SharedMemory.dll to G:\code\WebLaunch\handlerlaunch\bin\Debug\HandleGame\SharedMemory.dll
2024-11-06 13:14:28.043 - Copied file: G:\code\WebLaunch\handlerlaunch\bin\Debug\net9.0-windows10.0.17763.0\Microsoft.Toolkit.Uwp.Notifications.dll to G:\code\WebLaunch\handlerlaunch\bin\Debug\HandleGame\Microsoft.Toolkit.Uwp.Notifications.dll
2024-11-06 13:14:28.054 - Copied file: G:\code\WebLaunch\handlerlaunch\bin\Debug\net9.0-windows10.0.17763.0\Microsoft.Windows.SDK.NET.dll to G:\code\WebLaunch\handlerlaunch\bin\Debug\HandleGame\Microsoft.Windows.SDK.NET.dll
2024-11-06 13:14:28.055 - Copied file: G:\code\WebLaunch\handlerlaunch\bin\Debug\net9.0-windows10.0.17763.0\WinRT.Runtime.dll to G:\code\WebLaunch\handlerlaunch\bin\Debug\HandleGame\WinRT.Runtime.dll
2024-11-06 13:14:28.056 - Entering RegisterProtocolHandler method
2024-11-06 13:14:28.056 - Entering GetInstallPath method
2024-11-06 13:14:28.056 - Registered protocol handler with command: G:\code\WebLaunch\handlerlaunch\bin\Debug\HandleGame\WMConsole.exe %1
2024-11-06 13:14:28.056 - Received arguments: ?debugtest=yes-type=autoclose
2024-11-06 13:14:28.066 - Showing message box
2024-11-06 13:14:28.067 - Message box initialized
2024-11-06 13:15:33.086 - Application started
2024-11-06 13:15:33.104 - Showing notification: Application Started - Initializing launcher...
2024-11-06 13:15:33.244 - Entering CopyFiles method
2024-11-06 13:15:33.245 - Entering GetInstallPath method
2024-11-06 13:15:33.245 - Executable path: G:\code\WebLaunch\handlerlaunch\bin\Debug\net9.0-windows10.0.17763.0\WMconsole.dll
2024-11-06 13:15:33.245 - Current directory: G:\code\WebLaunch\handlerlaunch\bin\Debug\net9.0-windows10.0.17763.0
2024-11-06 13:15:33.245 - Parent directory: G:\code\WebLaunch\handlerlaunch\bin\Debug
2024-11-06 13:15:33.246 - Using parent directory for install: G:\code\WebLaunch\handlerlaunch\bin\Debug\HandleGame
2024-11-06 13:15:33.246 - Created install directory: G:\code\WebLaunch\handlerlaunch\bin\Debug\HandleGame
2024-11-06 13:15:33.246 - Base directory: G:\code\WebLaunch\handlerlaunch\bin\Debug\net9.0-windows10.0.17763.0
2024-11-06 13:15:33.247 - Copied file: G:\code\WebLaunch\handlerlaunch\bin\Debug\net9.0-windows10.0.17763.0\WMconsole.dll to G:\code\WebLaunch\handlerlaunch\bin\Debug\HandleGame\WMconsole.dll
2024-11-06 13:15:33.249 - Copied file: G:\code\WebLaunch\handlerlaunch\bin\Debug\net9.0-windows10.0.17763.0\WMConsole.exe to G:\code\WebLaunch\handlerlaunch\bin\Debug\HandleGame\WMConsole.exe
2024-11-06 13:15:33.250 - Copied file: G:\code\WebLaunch\handlerlaunch\bin\Debug\net9.0-windows10.0.17763.0\WMConsole.runtimeconfig.json to G:\code\WebLaunch\handlerlaunch\bin\Debug\HandleGame\WMConsole.runtimeconfig.json
2024-11-06 13:15:33.251 - Copied file: G:\code\WebLaunch\handlerlaunch\bin\Debug\net9.0-windows10.0.17763.0\CoreLibLaunchSupport.dll to G:\code\WebLaunch\handlerlaunch\bin\Debug\HandleGame\CoreLibLaunchSupport.dll
2024-11-06 13:15:33.252 - Copied file: G:\code\WebLaunch\handlerlaunch\bin\Debug\net9.0-windows10.0.17763.0\SpinningWheelLib.dll to G:\code\WebLaunch\handlerlaunch\bin\Debug\HandleGame\SpinningWheelLib.dll
2024-11-06 13:15:33.252 - Copied file: G:\code\WebLaunch\handlerlaunch\bin\Debug\net9.0-windows10.0.17763.0\WpfAnimatedGif.dll to G:\code\WebLaunch\handlerlaunch\bin\Debug\HandleGame\WpfAnimatedGif.dll
2024-11-06 13:15:33.253 - Copied file: G:\code\WebLaunch\handlerlaunch\bin\Debug\net9.0-windows10.0.17763.0\XamlAnimatedGif.dll to G:\code\WebLaunch\handlerlaunch\bin\Debug\HandleGame\XamlAnimatedGif.dll
2024-11-06 13:15:33.254 - Copied file: G:\code\WebLaunch\handlerlaunch\bin\Debug\net9.0-windows10.0.17763.0\DotNetZip.dll to G:\code\WebLaunch\handlerlaunch\bin\Debug\HandleGame\DotNetZip.dll
2024-11-06 13:15:33.255 - Copied file: G:\code\WebLaunch\handlerlaunch\bin\Debug\net9.0-windows10.0.17763.0\Newtonsoft.Json.dll to G:\code\WebLaunch\handlerlaunch\bin\Debug\HandleGame\Newtonsoft.Json.dll
2024-11-06 13:15:33.256 - Copied file: G:\code\WebLaunch\handlerlaunch\bin\Debug\net9.0-windows10.0.17763.0\log4net.dll to G:\code\WebLaunch\handlerlaunch\bin\Debug\HandleGame\log4net.dll
2024-11-06 13:15:33.256 - Copied file: G:\code\WebLaunch\handlerlaunch\bin\Debug\net9.0-windows10.0.17763.0\Goblinfactory.Konsole.dll to G:\code\WebLaunch\handlerlaunch\bin\Debug\HandleGame\Goblinfactory.Konsole.dll
2024-11-06 13:15:33.257 - Copied file: G:\code\WebLaunch\handlerlaunch\bin\Debug\net9.0-windows10.0.17763.0\CommandLine.dll to G:\code\WebLaunch\handlerlaunch\bin\Debug\HandleGame\CommandLine.dll
2024-11-06 13:15:33.258 - Copied file: G:\code\WebLaunch\handlerlaunch\bin\Debug\net9.0-windows10.0.17763.0\Downloader.dll to G:\code\WebLaunch\handlerlaunch\bin\Debug\HandleGame\Downloader.dll
2024-11-06 13:15:33.259 - Copied file: G:\code\WebLaunch\handlerlaunch\bin\Debug\net9.0-windows10.0.17763.0\Facepunch.Steamworks.Win64.dll to G:\code\WebLaunch\handlerlaunch\bin\Debug\HandleGame\Facepunch.Steamworks.Win64.dll
2024-11-06 13:15:33.259 - Copied file: G:\code\WebLaunch\handlerlaunch\bin\Debug\net9.0-windows10.0.17763.0\LibDalamud.dll to G:\code\WebLaunch\handlerlaunch\bin\Debug\HandleGame\LibDalamud.dll
2024-11-06 13:15:33.260 - Copied file: G:\code\WebLaunch\handlerlaunch\bin\Debug\net9.0-windows10.0.17763.0\Mono.Nat.dll to G:\code\WebLaunch\handlerlaunch\bin\Debug\HandleGame\Mono.Nat.dll
2024-11-06 13:15:33.260 - Copied file: G:\code\WebLaunch\handlerlaunch\bin\Debug\net9.0-windows10.0.17763.0\MonoTorrent.dll to G:\code\WebLaunch\handlerlaunch\bin\Debug\HandleGame\MonoTorrent.dll
2024-11-06 13:15:33.261 - Copied file: G:\code\WebLaunch\handlerlaunch\bin\Debug\net9.0-windows10.0.17763.0\ReusableTasks.dll to G:\code\WebLaunch\handlerlaunch\bin\Debug\HandleGame\ReusableTasks.dll
2024-11-06 13:15:33.261 - Copied file: G:\code\WebLaunch\handlerlaunch\bin\Debug\net9.0-windows10.0.17763.0\Serilog.dll to G:\code\WebLaunch\handlerlaunch\bin\Debug\HandleGame\Serilog.dll
2024-11-06 13:15:33.262 - Copied file: G:\code\WebLaunch\handlerlaunch\bin\Debug\net9.0-windows10.0.17763.0\SharedMemory.dll to G:\code\WebLaunch\handlerlaunch\bin\Debug\HandleGame\SharedMemory.dll
2024-11-06 13:15:33.263 - Copied file: G:\code\WebLaunch\handlerlaunch\bin\Debug\net9.0-windows10.0.17763.0\Microsoft.Toolkit.Uwp.Notifications.dll to G:\code\WebLaunch\handlerlaunch\bin\Debug\HandleGame\Microsoft.Toolkit.Uwp.Notifications.dll
2024-11-06 13:15:33.271 - Copied file: G:\code\WebLaunch\handlerlaunch\bin\Debug\net9.0-windows10.0.17763.0\Microsoft.Windows.SDK.NET.dll to G:\code\WebLaunch\handlerlaunch\bin\Debug\HandleGame\Microsoft.Windows.SDK.NET.dll
2024-11-06 13:15:33.271 - Copied file: G:\code\WebLaunch\handlerlaunch\bin\Debug\net9.0-windows10.0.17763.0\WinRT.Runtime.dll to G:\code\WebLaunch\handlerlaunch\bin\Debug\HandleGame\WinRT.Runtime.dll
2024-11-06 13:15:33.272 - Entering RegisterProtocolHandler method
2024-11-06 13:15:33.272 - Entering GetInstallPath method
2024-11-06 13:15:33.272 - Registered protocol handler with command: G:\code\WebLaunch\handlerlaunch\bin\Debug\HandleGame\WMConsole.exe %1
2024-11-06 13:15:33.272 - Received arguments: ?debugtest=yes-type=autoclose
2024-11-06 13:15:33.282 - Showing message box
2024-11-06 13:15:33.283 - Message box initialized
2024-11-06 13:15:51.695 - Application started
2024-11-06 13:15:51.713 - Showing notification: Application Started - Initializing launcher...
2024-11-06 13:15:51.856 - Entering CopyFiles method
2024-11-06 13:15:51.857 - Entering GetInstallPath method
2024-11-06 13:15:51.857 - Executable path: G:\code\WebLaunch\handlerlaunch\bin\Debug\net9.0-windows10.0.17763.0\WMconsole.dll
2024-11-06 13:15:51.857 - Current directory: G:\code\WebLaunch\handlerlaunch\bin\Debug\net9.0-windows10.0.17763.0
2024-11-06 13:15:51.857 - Parent directory: G:\code\WebLaunch\handlerlaunch\bin\Debug
2024-11-06 13:15:51.857 - Using parent directory for install: G:\code\WebLaunch\handlerlaunch\bin\Debug\HandleGame
2024-11-06 13:15:51.857 - Created install directory: G:\code\WebLaunch\handlerlaunch\bin\Debug\HandleGame
2024-11-06 13:15:51.857 - Base directory: G:\code\WebLaunch\handlerlaunch\bin\Debug\net9.0-windows10.0.17763.0
2024-11-06 13:15:51.858 - Copied file: G:\code\WebLaunch\handlerlaunch\bin\Debug\net9.0-windows10.0.17763.0\WMconsole.dll to G:\code\WebLaunch\handlerlaunch\bin\Debug\HandleGame\WMconsole.dll
2024-11-06 13:15:51.859 - Copied file: G:\code\WebLaunch\handlerlaunch\bin\Debug\net9.0-windows10.0.17763.0\WMConsole.exe to G:\code\WebLaunch\handlerlaunch\bin\Debug\HandleGame\WMConsole.exe
2024-11-06 13:15:51.859 - Copied file: G:\code\WebLaunch\handlerlaunch\bin\Debug\net9.0-windows10.0.17763.0\WMConsole.runtimeconfig.json to G:\code\WebLaunch\handlerlaunch\bin\Debug\HandleGame\WMConsole.runtimeconfig.json
2024-11-06 13:15:51.860 - Copied file: G:\code\WebLaunch\handlerlaunch\bin\Debug\net9.0-windows10.0.17763.0\CoreLibLaunchSupport.dll to G:\code\WebLaunch\handlerlaunch\bin\Debug\HandleGame\CoreLibLaunchSupport.dll
2024-11-06 13:15:51.861 - Copied file: G:\code\WebLaunch\handlerlaunch\bin\Debug\net9.0-windows10.0.17763.0\SpinningWheelLib.dll to G:\code\WebLaunch\handlerlaunch\bin\Debug\HandleGame\SpinningWheelLib.dll
2024-11-06 13:15:51.861 - Copied file: G:\code\WebLaunch\handlerlaunch\bin\Debug\net9.0-windows10.0.17763.0\WpfAnimatedGif.dll to G:\code\WebLaunch\handlerlaunch\bin\Debug\HandleGame\WpfAnimatedGif.dll
2024-11-06 13:15:51.862 - Copied file: G:\code\WebLaunch\handlerlaunch\bin\Debug\net9.0-windows10.0.17763.0\XamlAnimatedGif.dll to G:\code\WebLaunch\handlerlaunch\bin\Debug\HandleGame\XamlAnimatedGif.dll
2024-11-06 13:15:51.862 - Copied file: G:\code\WebLaunch\handlerlaunch\bin\Debug\net9.0-windows10.0.17763.0\DotNetZip.dll to G:\code\WebLaunch\handlerlaunch\bin\Debug\HandleGame\DotNetZip.dll
2024-11-06 13:15:51.863 - Copied file: G:\code\WebLaunch\handlerlaunch\bin\Debug\net9.0-windows10.0.17763.0\Newtonsoft.Json.dll to G:\code\WebLaunch\handlerlaunch\bin\Debug\HandleGame\Newtonsoft.Json.dll
2024-11-06 13:15:51.863 - Copied file: G:\code\WebLaunch\handlerlaunch\bin\Debug\net9.0-windows10.0.17763.0\log4net.dll to G:\code\WebLaunch\handlerlaunch\bin\Debug\HandleGame\log4net.dll
2024-11-06 13:15:51.864 - Copied file: G:\code\WebLaunch\handlerlaunch\bin\Debug\net9.0-windows10.0.17763.0\Goblinfactory.Konsole.dll to G:\code\WebLaunch\handlerlaunch\bin\Debug\HandleGame\Goblinfactory.Konsole.dll
2024-11-06 13:15:51.864 - Copied file: G:\code\WebLaunch\handlerlaunch\bin\Debug\net9.0-windows10.0.17763.0\CommandLine.dll to G:\code\WebLaunch\handlerlaunch\bin\Debug\HandleGame\CommandLine.dll
2024-11-06 13:15:51.865 - Copied file: G:\code\WebLaunch\handlerlaunch\bin\Debug\net9.0-windows10.0.17763.0\Downloader.dll to G:\code\WebLaunch\handlerlaunch\bin\Debug\HandleGame\Downloader.dll
2024-11-06 13:15:51.866 - Copied file: G:\code\WebLaunch\handlerlaunch\bin\Debug\net9.0-windows10.0.17763.0\Facepunch.Steamworks.Win64.dll to G:\code\WebLaunch\handlerlaunch\bin\Debug\HandleGame\Facepunch.Steamworks.Win64.dll
2024-11-06 13:15:51.867 - Copied file: G:\code\WebLaunch\handlerlaunch\bin\Debug\net9.0-windows10.0.17763.0\LibDalamud.dll to G:\code\WebLaunch\handlerlaunch\bin\Debug\HandleGame\LibDalamud.dll
2024-11-06 13:15:51.868 - Copied file: G:\code\WebLaunch\handlerlaunch\bin\Debug\net9.0-windows10.0.17763.0\Mono.Nat.dll to G:\code\WebLaunch\handlerlaunch\bin\Debug\HandleGame\Mono.Nat.dll
2024-11-06 13:15:51.869 - Copied file: G:\code\WebLaunch\handlerlaunch\bin\Debug\net9.0-windows10.0.17763.0\MonoTorrent.dll to G:\code\WebLaunch\handlerlaunch\bin\Debug\HandleGame\MonoTorrent.dll
2024-11-06 13:15:51.869 - Copied file: G:\code\WebLaunch\handlerlaunch\bin\Debug\net9.0-windows10.0.17763.0\ReusableTasks.dll to G:\code\WebLaunch\handlerlaunch\bin\Debug\HandleGame\ReusableTasks.dll
2024-11-06 13:15:51.869 - Copied file: G:\code\WebLaunch\handlerlaunch\bin\Debug\net9.0-windows10.0.17763.0\Serilog.dll to G:\code\WebLaunch\handlerlaunch\bin\Debug\HandleGame\Serilog.dll
2024-11-06 13:15:51.870 - Copied file: G:\code\WebLaunch\handlerlaunch\bin\Debug\net9.0-windows10.0.17763.0\SharedMemory.dll to G:\code\WebLaunch\handlerlaunch\bin\Debug\HandleGame\SharedMemory.dll
2024-11-06 13:15:51.870 - Copied file: G:\code\WebLaunch\handlerlaunch\bin\Debug\net9.0-windows10.0.17763.0\Microsoft.Toolkit.Uwp.Notifications.dll to G:\code\WebLaunch\handlerlaunch\bin\Debug\HandleGame\Microsoft.Toolkit.Uwp.Notifications.dll
2024-11-06 13:15:51.879 - Copied file: G:\code\WebLaunch\handlerlaunch\bin\Debug\net9.0-windows10.0.17763.0\Microsoft.Windows.SDK.NET.dll to G:\code\WebLaunch\handlerlaunch\bin\Debug\HandleGame\Microsoft.Windows.SDK.NET.dll
2024-11-06 13:15:51.880 - Copied file: G:\code\WebLaunch\handlerlaunch\bin\Debug\net9.0-windows10.0.17763.0\WinRT.Runtime.dll to G:\code\WebLaunch\handlerlaunch\bin\Debug\HandleGame\WinRT.Runtime.dll
2024-11-06 13:15:51.880 - Entering RegisterProtocolHandler method
2024-11-06 13:15:51.880 - Entering GetInstallPath method
2024-11-06 13:15:51.881 - Registered protocol handler with command: G:\code\WebLaunch\handlerlaunch\bin\Debug\HandleGame\WMConsole.exe %1
2024-11-06 13:15:51.881 - Received arguments: ?debugtest=yes
2024-11-06 13:15:51.888 - Showing message box
2024-11-06 13:15:51.889 - Message box initialized
2024-11-06 13:18:19.494 - Application started
2024-11-06 13:18:19.514 - Showing notification: Application Started - Initializing launcher...
2024-11-06 13:18:19.659 - Entering CopyFiles method
2024-11-06 13:18:19.660 - Entering GetInstallPath method
2024-11-06 13:18:19.660 - Executable path: G:\code\WebLaunch\handlerlaunch\bin\Debug\net9.0-windows10.0.17763.0\WMconsole.dll
2024-11-06 13:18:19.660 - Current directory: G:\code\WebLaunch\handlerlaunch\bin\Debug\net9.0-windows10.0.17763.0
2024-11-06 13:18:19.660 - Parent directory: G:\code\WebLaunch\handlerlaunch\bin\Debug
2024-11-06 13:18:19.660 - Using parent directory for install: G:\code\WebLaunch\handlerlaunch\bin\Debug\HandleGame
2024-11-06 13:18:19.660 - Created install directory: G:\code\WebLaunch\handlerlaunch\bin\Debug\HandleGame
2024-11-06 13:18:19.660 - Base directory: G:\code\WebLaunch\handlerlaunch\bin\Debug\net9.0-windows10.0.17763.0
2024-11-06 13:18:19.661 - Copied file: G:\code\WebLaunch\handlerlaunch\bin\Debug\net9.0-windows10.0.17763.0\WMconsole.dll to G:\code\WebLaunch\handlerlaunch\bin\Debug\HandleGame\WMconsole.dll
2024-11-06 13:18:19.662 - Copied file: G:\code\WebLaunch\handlerlaunch\bin\Debug\net9.0-windows10.0.17763.0\WMConsole.exe to G:\code\WebLaunch\handlerlaunch\bin\Debug\HandleGame\WMConsole.exe
2024-11-06 13:18:19.662 - Copied file: G:\code\WebLaunch\handlerlaunch\bin\Debug\net9.0-windows10.0.17763.0\WMConsole.runtimeconfig.json to G:\code\WebLaunch\handlerlaunch\bin\Debug\HandleGame\WMConsole.runtimeconfig.json
2024-11-06 13:18:19.663 - Copied file: G:\code\WebLaunch\handlerlaunch\bin\Debug\net9.0-windows10.0.17763.0\CoreLibLaunchSupport.dll to G:\code\WebLaunch\handlerlaunch\bin\Debug\HandleGame\CoreLibLaunchSupport.dll
2024-11-06 13:18:19.664 - Copied file: G:\code\WebLaunch\handlerlaunch\bin\Debug\net9.0-windows10.0.17763.0\SpinningWheelLib.dll to G:\code\WebLaunch\handlerlaunch\bin\Debug\HandleGame\SpinningWheelLib.dll
2024-11-06 13:18:19.665 - Copied file: G:\code\WebLaunch\handlerlaunch\bin\Debug\net9.0-windows10.0.17763.0\WpfAnimatedGif.dll to G:\code\WebLaunch\handlerlaunch\bin\Debug\HandleGame\WpfAnimatedGif.dll
2024-11-06 13:18:19.665 - Copied file: G:\code\WebLaunch\handlerlaunch\bin\Debug\net9.0-windows10.0.17763.0\XamlAnimatedGif.dll to G:\code\WebLaunch\handlerlaunch\bin\Debug\HandleGame\XamlAnimatedGif.dll
2024-11-06 13:18:19.666 - Copied file: G:\code\WebLaunch\handlerlaunch\bin\Debug\net9.0-windows10.0.17763.0\DotNetZip.dll to G:\code\WebLaunch\handlerlaunch\bin\Debug\HandleGame\DotNetZip.dll
2024-11-06 13:18:19.666 - Copied file: G:\code\WebLaunch\handlerlaunch\bin\Debug\net9.0-windows10.0.17763.0\Newtonsoft.Json.dll to G:\code\WebLaunch\handlerlaunch\bin\Debug\HandleGame\Newtonsoft.Json.dll
2024-11-06 13:18:19.667 - Copied file: G:\code\WebLaunch\handlerlaunch\bin\Debug\net9.0-windows10.0.17763.0\log4net.dll to G:\code\WebLaunch\handlerlaunch\bin\Debug\HandleGame\log4net.dll
2024-11-06 13:18:19.668 - Copied file: G:\code\WebLaunch\handlerlaunch\bin\Debug\net9.0-windows10.0.17763.0\Goblinfactory.Konsole.dll to G:\code\WebLaunch\handlerlaunch\bin\Debug\HandleGame\Goblinfactory.Konsole.dll
2024-11-06 13:18:19.669 - Copied file: G:\code\WebLaunch\handlerlaunch\bin\Debug\net9.0-windows10.0.17763.0\CommandLine.dll to G:\code\WebLaunch\handlerlaunch\bin\Debug\HandleGame\CommandLine.dll
2024-11-06 13:18:19.669 - Copied file: G:\code\WebLaunch\handlerlaunch\bin\Debug\net9.0-windows10.0.17763.0\Downloader.dll to G:\code\WebLaunch\handlerlaunch\bin\Debug\HandleGame\Downloader.dll
2024-11-06 13:18:19.670 - Copied file: G:\code\WebLaunch\handlerlaunch\bin\Debug\net9.0-windows10.0.17763.0\Facepunch.Steamworks.Win64.dll to G:\code\WebLaunch\handlerlaunch\bin\Debug\HandleGame\Facepunch.Steamworks.Win64.dll
2024-11-06 13:18:19.670 - Copied file: G:\code\WebLaunch\handlerlaunch\bin\Debug\net9.0-windows10.0.17763.0\LibDalamud.dll to G:\code\WebLaunch\handlerlaunch\bin\Debug\HandleGame\LibDalamud.dll
2024-11-06 13:18:19.671 - Copied file: G:\code\WebLaunch\handlerlaunch\bin\Debug\net9.0-windows10.0.17763.0\Mono.Nat.dll to G:\code\WebLaunch\handlerlaunch\bin\Debug\HandleGame\Mono.Nat.dll
2024-11-06 13:18:19.671 - Copied file: G:\code\WebLaunch\handlerlaunch\bin\Debug\net9.0-windows10.0.17763.0\MonoTorrent.dll to G:\code\WebLaunch\handlerlaunch\bin\Debug\HandleGame\MonoTorrent.dll
2024-11-06 13:18:19.672 - Copied file: G:\code\WebLaunch\handlerlaunch\bin\Debug\net9.0-windows10.0.17763.0\ReusableTasks.dll to G:\code\WebLaunch\handlerlaunch\bin\Debug\HandleGame\ReusableTasks.dll
2024-11-06 13:18:19.672 - Copied file: G:\code\WebLaunch\handlerlaunch\bin\Debug\net9.0-windows10.0.17763.0\Serilog.dll to G:\code\WebLaunch\handlerlaunch\bin\Debug\HandleGame\Serilog.dll
2024-11-06 13:18:19.673 - Copied file: G:\code\WebLaunch\handlerlaunch\bin\Debug\net9.0-windows10.0.17763.0\SharedMemory.dll to G:\code\WebLaunch\handlerlaunch\bin\Debug\HandleGame\SharedMemory.dll
2024-11-06 13:18:19.673 - Copied file: G:\code\WebLaunch\handlerlaunch\bin\Debug\net9.0-windows10.0.17763.0\Microsoft.Toolkit.Uwp.Notifications.dll to G:\code\WebLaunch\handlerlaunch\bin\Debug\HandleGame\Microsoft.Toolkit.Uwp.Notifications.dll
2024-11-06 13:18:19.685 - Copied file: G:\code\WebLaunch\handlerlaunch\bin\Debug\net9.0-windows10.0.17763.0\Microsoft.Windows.SDK.NET.dll to G:\code\WebLaunch\handlerlaunch\bin\Debug\HandleGame\Microsoft.Windows.SDK.NET.dll
2024-11-06 13:18:19.687 - Copied file: G:\code\WebLaunch\handlerlaunch\bin\Debug\net9.0-windows10.0.17763.0\WinRT.Runtime.dll to G:\code\WebLaunch\handlerlaunch\bin\Debug\HandleGame\WinRT.Runtime.dll
2024-11-06 13:18:19.687 - Entering RegisterProtocolHandler method
2024-11-06 13:18:19.687 - Entering GetInstallPath method
2024-11-06 13:18:19.688 - Registered protocol handler with command: G:\code\WebLaunch\handlerlaunch\bin\Debug\HandleGame\WMConsole.exe %1
2024-11-06 13:18:19.688 - Received arguments: ?debugtest=yes
2024-11-06 13:18:19.699 - Showing message box
2024-11-06 13:18:19.699 - Message box initialized
